This is pdfTeX, Version 3.14159265-2.6-1.40.21 (MiKTeX 2.9.7440 64-bit) (preloaded format=pdflatex 2020.5.19)  19 MAY 2020 11:23
entering extended mode
**./main.tex
(main.tex
LaTeX2e <2020-02-02> patch level 5
L3 programming layer <2020-05-15>
("C:\Users\lunca\AppData\Local\Programs\MiKTeX 2.9\tex/latex/base\article.cls"
Document Class: article 2019/12/20 v1.4l Standard LaTeX document class
("C:\Users\lunca\AppData\Local\Programs\MiKTeX 2.9\tex/latex/base\size10.clo"
File: size10.clo 2019/12/20 v1.4l Standard LaTeX file (size option)
)
\c@part=\count167
\c@section=\count168
\c@subsection=\count169
\c@subsubsection=\count170
\c@paragraph=\count171
\c@subparagraph=\count172
\c@figure=\count173
\c@table=\count174
\abovecaptionskip=\skip47
\belowcaptionskip=\skip48
\bibindent=\dimen134
) ("C:\Users\lunca\AppData\Local\Programs\MiKTeX 2.9\tex/latex/base\inputenc.st
y"
Package: inputenc 2018/08/11 v1.3c Input encoding file
\inpenc@prehook=\toks15
\inpenc@posthook=\toks16
)
("C:\Users\lunca\AppData\Local\Programs\MiKTeX 2.9\tex/latex/natbib\natbib.sty"
Package: natbib 2010/09/13 8.31b (PWD, AO)
\bibhang=\skip49
\bibsep=\skip50
LaTeX Info: Redefining \cite on input line 694.
\c@NAT@ctr=\count175
) ("C:\Users\lunca\AppData\Local\Programs\MiKTeX 2.9\tex/latex/svg\svg.sty"
Package: svg 2020/05/07 v2.02f (include SVG pictures)

("C:\Users\lunca\AppData\Local\Programs\MiKTeX 2.9\tex/generic/iftex\iftex.sty"
Package: iftex 2020/03/06 v1.0d TeX engine tests
)
("C:\Users\lunca\AppData\Local\Programs\MiKTeX 2.9\tex/latex/koma-script\scrbas
e.sty"
Package: scrbase 2020/04/19 v3.30 KOMA-Script package (KOMA-Script-independent 
basics and keyval usage)

("C:\Users\lunca\AppData\Local\Programs\MiKTeX 2.9\tex/latex/graphics\keyval.st
y"
Package: keyval 2014/10/28 v1.15 key=value parser (DPC)
\KV@toks@=\toks17
)
("C:\Users\lunca\AppData\Local\Programs\MiKTeX 2.9\tex/latex/koma-script\scrlfi
le.sty"
Package: scrlfile 2020/04/19 v3.30 KOMA-Script package (loading files)
))
("C:\Users\lunca\AppData\Local\Programs\MiKTeX 2.9\tex/latex/pdftexcmds\pdftexc
mds.sty"
Package: pdftexcmds 2019/11/24 v0.31 Utility functions of pdfTeX for LuaTeX (HO
)

("C:\Users\lunca\AppData\Local\Programs\MiKTeX 2.9\tex/generic/infwarerr\infwar
err.sty"
Package: infwarerr 2019/12/03 v1.5 Providing info/warning/error messages (HO)
)
("C:\Users\lunca\AppData\Local\Programs\MiKTeX 2.9\tex/generic/ltxcmds\ltxcmds.
sty"
Package: ltxcmds 2019/12/15 v1.24 LaTeX kernel commands for general use (HO)
)
Package pdftexcmds Info: \pdf@primitive is available.
Package pdftexcmds Info: \pdf@ifprimitive is available.
Package pdftexcmds Info: \pdfdraftmode found.
)
("C:\Users\lunca\AppData\Local\Programs\MiKTeX 2.9\tex/latex/tools\shellesc.sty
"
Package: shellesc 2019/11/08 v1.0c unified shell escape interface for LaTeX
Package shellesc Info: Restricted shell escape enabled on input line 77.
)
("C:\Users\lunca\AppData\Local\Programs\MiKTeX 2.9\tex/latex/trimspaces\trimspa
ces.sty"
Package: trimspaces 2009/09/17 v1.1 Trim spaces around a token list
)
("C:\Users\lunca\AppData\Local\Programs\MiKTeX 2.9\tex/latex/graphics\graphicx.
sty"
Package: graphicx 2019/11/30 v1.2a Enhanced LaTeX Graphics (DPC,SPQR)

("C:\Users\lunca\AppData\Local\Programs\MiKTeX 2.9\tex/latex/graphics\graphics.
sty"
Package: graphics 2019/11/30 v1.4a Standard LaTeX Graphics (DPC,SPQR)

("C:\Users\lunca\AppData\Local\Programs\MiKTeX 2.9\tex/latex/graphics\trig.sty"
Package: trig 2016/01/03 v1.10 sin cos tan (DPC)
)
("C:\Users\lunca\AppData\Local\Programs\MiKTeX 2.9\tex/latex/graphics-cfg\graph
ics.cfg"
File: graphics.cfg 2016/06/04 v1.11 sample graphics configuration
)
Package graphics Info: Driver file: pdftex.def on input line 105.

("C:\Users\lunca\AppData\Local\Programs\MiKTeX 2.9\tex/latex/graphics-def\pdfte
x.def"
File: pdftex.def 2018/01/08 v1.0l Graphics/color driver for pdftex
))
\Gin@req@height=\dimen135
\Gin@req@width=\dimen136
)
\svg@box=\box45
\c@svg@param@lastpage=\count176
\c@svg@param@currpage=\count177
)
("C:\Users\lunca\AppData\Local\Programs\MiKTeX 2.9\tex/latex/xcolor\xcolor.sty"
Package: xcolor 2016/05/11 v2.12 LaTeX color extensions (UK)

("C:\Users\lunca\AppData\Local\Programs\MiKTeX 2.9\tex/latex/graphics-cfg\color
.cfg"
File: color.cfg 2016/01/02 v1.6 sample color configuration
)
Package xcolor Info: Driver file: pdftex.def on input line 225.
Package xcolor Info: Model `cmy' substituted by `cmy0' on input line 1348.
Package xcolor Info: Model `hsb' substituted by `rgb' on input line 1352.
Package xcolor Info: Model `RGB' extended on input line 1364.
Package xcolor Info: Model `HTML' substituted by `rgb' on input line 1366.
Package xcolor Info: Model `Hsb' substituted by `hsb' on input line 1367.
Package xcolor Info: Model `tHsb' substituted by `hsb' on input line 1368.
Package xcolor Info: Model `HSB' substituted by `hsb' on input line 1369.
Package xcolor Info: Model `Gray' substituted by `gray' on input line 1370.
Package xcolor Info: Model `wave' substituted by `hsb' on input line 1371.
)
("C:\Users\lunca\AppData\Local\Programs\MiKTeX 2.9\tex/latex/transparent\transp
arent.sty"
Package: transparent 2019/11/29 v1.4 Transparency via pdfTeX's color stack (HO)


("C:\Users\lunca\AppData\Local\Programs\MiKTeX 2.9\tex/latex/auxhook\auxhook.st
y"
Package: auxhook 2019-12-17 v1.6 Hooks for auxiliary files (HO)
))
("C:\Users\lunca\AppData\Local\Programs\MiKTeX 2.9\tex/latex/hyperref\hyperref.
sty"
Package: hyperref 2020-05-15 v7.00e Hypertext links for LaTeX

("C:\Users\lunca\AppData\Local\Programs\MiKTeX 2.9\tex/generic/kvsetkeys\kvsetk
eys.sty"
Package: kvsetkeys 2019/12/15 v1.18 Key value parser (HO)
)
("C:\Users\lunca\AppData\Local\Programs\MiKTeX 2.9\tex/generic/kvdefinekeys\kvd
efinekeys.sty"
Package: kvdefinekeys 2019-12-19 v1.6 Define keys (HO)
)
("C:\Users\lunca\AppData\Local\Programs\MiKTeX 2.9\tex/generic/pdfescape\pdfesc
ape.sty"
Package: pdfescape 2019/12/09 v1.15 Implements pdfTeX's escape features (HO)
)
("C:\Users\lunca\AppData\Local\Programs\MiKTeX 2.9\tex/latex/hycolor\hycolor.st
y"
Package: hycolor 2020-01-27 v1.10 Color options for hyperref/bookmark (HO)
)
("C:\Users\lunca\AppData\Local\Programs\MiKTeX 2.9\tex/latex/letltxmacro\letltx
macro.sty"
Package: letltxmacro 2019/12/03 v1.6 Let assignment for LaTeX macros (HO)
)
("C:\Users\lunca\AppData\Local\Programs\MiKTeX 2.9\tex/latex/kvoptions\kvoption
s.sty"
Package: kvoptions 2019/11/29 v3.13 Key value format for package options (HO)
)
\@linkdim=\dimen137
\Hy@linkcounter=\count178
\Hy@pagecounter=\count179

("C:\Users\lunca\AppData\Local\Programs\MiKTeX 2.9\tex/latex/hyperref\pd1enc.de
f"
File: pd1enc.def 2020-05-15 v7.00e Hyperref: PDFDocEncoding definition (HO)
Now handling font encoding PD1 ...
... no UTF-8 mapping file for font encoding PD1
)
("C:\Users\lunca\AppData\Local\Programs\MiKTeX 2.9\tex/generic/intcalc\intcalc.
sty"
Package: intcalc 2019/12/15 v1.3 Expandable calculations with integers (HO)
)
("C:\Users\lunca\AppData\Local\Programs\MiKTeX 2.9\tex/generic/etexcmds\etexcmd
s.sty"
Package: etexcmds 2019/12/15 v1.7 Avoid name clashes with e-TeX commands (HO)
)
\Hy@SavedSpaceFactor=\count180
Package hyperref Info: Hyper figures OFF on input line 4464.
Package hyperref Info: Link nesting OFF on input line 4469.
Package hyperref Info: Hyper index ON on input line 4472.
Package hyperref Info: Plain pages OFF on input line 4479.
Package hyperref Info: Backreferencing OFF on input line 4484.
Package hyperref Info: Implicit mode ON; LaTeX internals redefined.
Package hyperref Info: Bookmarks ON on input line 4717.
\c@Hy@tempcnt=\count181
 ("C:\Users\lunca\AppData\Local\Programs\MiKTeX 2.9\tex/latex/url\url.sty"
\Urlmuskip=\muskip16
Package: url 2013/09/16  ver 3.4  Verb mode for urls, etc.
)
LaTeX Info: Redefining \url on input line 5076.
\XeTeXLinkMargin=\dimen138

("C:\Users\lunca\AppData\Local\Programs\MiKTeX 2.9\tex/generic/bitset\bitset.st
y"
Package: bitset 2019/12/09 v1.3 Handle bit-vector datatype (HO)

("C:\Users\lunca\AppData\Local\Programs\MiKTeX 2.9\tex/generic/bigintcalc\bigin
tcalc.sty"
Package: bigintcalc 2019/12/15 v1.5 Expandable calculations on big integers (HO
)
))
\Fld@menulength=\count182
\Field@Width=\dimen139
\Fld@charsize=\dimen140
Package hyperref Info: Hyper figures OFF on input line 6347.
Package hyperref Info: Link nesting OFF on input line 6352.
Package hyperref Info: Hyper index ON on input line 6355.
Package hyperref Info: backreferencing OFF on input line 6362.
Package hyperref Info: Link coloring OFF on input line 6367.
Package hyperref Info: Link coloring with OCG OFF on input line 6372.
Package hyperref Info: PDF/A mode OFF on input line 6377.
LaTeX Info: Redefining \ref on input line 6417.
LaTeX Info: Redefining \pageref on input line 6421.

("C:\Users\lunca\AppData\Local\Programs\MiKTeX 2.9\tex/generic/atbegshi\atbegsh
i.sty"
Package: atbegshi 2019/12/05 v1.19 At begin shipout hook (HO)
)
\Hy@abspage=\count183
\c@Item=\count184
\c@Hfootnote=\count185
)
Package hyperref Info: Driver (autodetected): hpdftex.

("C:\Users\lunca\AppData\Local\Programs\MiKTeX 2.9\tex/latex/hyperref\hpdftex.d
ef"
File: hpdftex.def 2020-05-15 v7.00e Hyperref driver for pdfTeX

("C:\Users\lunca\AppData\Local\Programs\MiKTeX 2.9\tex/latex/atveryend\atveryen
d.sty"
Package: atveryend 2019-12-11 v1.11 Hooks at the very end of document (HO)
Package atveryend Info: \enddocument detected (standard20110627).
)
\Fld@listcount=\count186
\c@bookmark@seq@number=\count187

("C:\Users\lunca\AppData\Local\Programs\MiKTeX 2.9\tex/latex/rerunfilecheck\rer
unfilecheck.sty"
Package: rerunfilecheck 2019/12/05 v1.9 Rerun checks for auxiliary files (HO)

("C:\Users\lunca\AppData\Local\Programs\MiKTeX 2.9\tex/generic/uniquecounter\un
iquecounter.sty"
Package: uniquecounter 2019/12/15 v1.4 Provide unlimited unique counter (HO)
)
Package uniquecounter Info: New unique counter `rerunfilecheck' on input line 2
86.
)
\Hy@SectionHShift=\skip51
)
("C:\Users\lunca\AppData\Local\Programs\MiKTeX 2.9\tex/latex/amsfonts\amssymb.s
ty"
Package: amssymb 2013/01/14 v3.01 AMS font symbols

("C:\Users\lunca\AppData\Local\Programs\MiKTeX 2.9\tex/latex/amsfonts\amsfonts.
sty"
Package: amsfonts 2013/01/14 v3.01 Basic AMSFonts support
\@emptytoks=\toks18
\symAMSa=\mathgroup4
\symAMSb=\mathgroup5
LaTeX Font Info:    Redeclaring math symbol \hbar on input line 98.
LaTeX Font Info:    Overwriting math alphabet `\mathfrak' in version `bold'
(Font)                  U/euf/m/n --> U/euf/b/n on input line 106.
))
("C:\Users\lunca\AppData\Local\Programs\MiKTeX 2.9\tex/latex/tools\verbatim.sty
"
Package: verbatim 2019/11/10 v1.5r LaTeX2e package for verbatim enhancements
\every@verbatim=\toks19
\verbatim@line=\toks20
\verbatim@in@stream=\read2
)
("C:\Users\lunca\AppData\Local\Programs\MiKTeX 2.9\tex/latex/algorithm2e\algori
thm2e.sty"
Package: algorithm2e 2017/07/18 v5.2 algorithms environments
\c@AlgoLine=\count188

("C:\Users\lunca\AppData\Local\Programs\MiKTeX 2.9\tex/latex/base\ifthen.sty"
Package: ifthen 2014/09/29 v1.1c Standard LaTeX ifthen package (DPC)
)
\algocf@hangindent=\skip52

("C:\Users\lunca\AppData\Local\Programs\MiKTeX 2.9\tex/latex/ifoddpage\ifoddpag
e.sty"
Package: ifoddpage 2016/04/23 v1.1 Conditionals for odd/even page detection
\c@checkoddpage=\count189
)
("C:\Users\lunca\AppData\Local\Programs\MiKTeX 2.9\tex/latex/tools\xspace.sty"
Package: xspace 2014/10/28 v1.13 Space after command names (DPC,MH)
)
("C:\Users\lunca\AppData\Local\Programs\MiKTeX 2.9\tex/latex/relsize\relsize.st
y"
Package: relsize 2013/03/29 ver 4.1
)
\skiptotal=\skip53
\skiplinenumber=\skip54
\skiprule=\skip55
\skiphlne=\skip56
\skiptext=\skip57
\skiplength=\skip58
\algomargin=\skip59
\skipalgocfslide=\skip60
\algowidth=\dimen141
\inoutsize=\dimen142
\inoutindent=\dimen143
\interspacetitleruled=\dimen144
\interspacealgoruled=\dimen145
\interspacetitleboxruled=\dimen146
\algocf@ruledwidth=\skip61
\algocf@inoutbox=\box46
\algocf@inputbox=\box47
\AlCapSkip=\skip62
\AlCapHSkip=\skip63
\algoskipindent=\skip64
\algocf@nlbox=\box48
\algocf@hangingbox=\box49
\algocf@untilbox=\box50
\algocf@skipuntil=\skip65
\algocf@capbox=\box51
\algocf@lcaptionbox=\skip66
\algoheightruledefault=\skip67
\algoheightrule=\skip68
\algotitleheightruledefault=\skip69
\algotitleheightrule=\skip70
\c@algocfline=\count190
\c@algocfproc=\count191
\c@algocf=\count192
\algocf@algoframe=\box52
\algocf@algobox=\box53
)
("C:\Users\lunca\AppData\Local\Programs\MiKTeX 2.9\tex/latex/placeins\placeins.
sty"
Package: placeins 2005/04/18  v 2.2
)
("C:\Users\lunca\AppData\Local\Programs\MiKTeX 2.9\tex/latex/l3backend\l3backen
d-pdfmode.def"
File: l3backend-pdfmode.def 2020-05-05 L3 backend support: PDF mode
\l__kernel_color_stack_int=\count193
\l__pdf_internal_box=\box54
) (main.aux

Package natbib Warning: Citation `' multiply defined.


Package natbib Warning: Citation `' multiply defined.


Package natbib Warning: Citation `' multiply defined.

)
\openout1 = `main.aux'.

LaTeX Font Info:    Checking defaults for OML/cmm/m/it on input line 17.
LaTeX Font Info:    ... okay on input line 17.
LaTeX Font Info:    Checking defaults for OMS/cmsy/m/n on input line 17.
LaTeX Font Info:    ... okay on input line 17.
LaTeX Font Info:    Checking defaults for OT1/cmr/m/n on input line 17.
LaTeX Font Info:    ... okay on input line 17.
LaTeX Font Info:    Checking defaults for T1/cmr/m/n on input line 17.
LaTeX Font Info:    ... okay on input line 17.
LaTeX Font Info:    Checking defaults for TS1/cmr/m/n on input line 17.
LaTeX Font Info:    ... okay on input line 17.
LaTeX Font Info:    Checking defaults for OMX/cmex/m/n on input line 17.
LaTeX Font Info:    ... okay on input line 17.
LaTeX Font Info:    Checking defaults for U/cmr/m/n on input line 17.
LaTeX Font Info:    ... okay on input line 17.
LaTeX Font Info:    Checking defaults for PD1/pdf/m/n on input line 17.
LaTeX Font Info:    ... okay on input line 17.

("C:\Users\lunca\AppData\Local\Programs\MiKTeX 2.9\tex/context/base/mkii\supp-p
df.mkii"
[Loading MPS to PDF converter (version 2006.09.02).]
\scratchcounter=\count194
\scratchdimen=\dimen147
\scratchbox=\box55
\nofMPsegments=\count195
\nofMParguments=\count196
\everyMPshowfont=\toks21
\MPscratchCnt=\count197
\MPscratchDim=\dimen148
\MPnumerator=\count198
\makeMPintoPDFobject=\count199
\everyMPtoPDFconversion=\toks22
)
("C:\Users\lunca\AppData\Local\Programs\MiKTeX 2.9\tex/latex/epstopdf-pkg\epsto
pdf-base.sty"
Package: epstopdf-base 2020-01-24 v2.11 Base part for package epstopdf
Package epstopdf-base Info: Redefining graphics rule for `.eps' on input line 4
85.
)
\AtBeginShipoutBox=\box56
Package hyperref Info: Link coloring OFF on input line 17.

("C:\Users\lunca\AppData\Local\Programs\MiKTeX 2.9\tex/latex/hyperref\nameref.s
ty"
Package: nameref 2019/09/16 v2.46 Cross-referencing by name of section

("C:\Users\lunca\AppData\Local\Programs\MiKTeX 2.9\tex/latex/refcount\refcount.
sty"
Package: refcount 2019/12/15 v3.6 Data extraction from label references (HO)
)
("C:\Users\lunca\AppData\Local\Programs\MiKTeX 2.9\tex/generic/gettitlestring\g
ettitlestring.sty"
Package: gettitlestring 2019/12/15 v1.6 Cleanup title references (HO)
)
\c@section@level=\count266
)
LaTeX Info: Redefining \ref on input line 17.
LaTeX Info: Redefining \pageref on input line 17.
LaTeX Info: Redefining \nameref on input line 17.
 (main.out) (main.out)
\@outlinefile=\write3
\openout3 = `main.out'.

LaTeX Font Info:    Trying to load font information for U+msa on input line 20.


("C:\Users\lunca\AppData\Local\Programs\MiKTeX 2.9\tex/latex/amsfonts\umsa.fd"
File: umsa.fd 2013/01/14 v3.01 AMS symbols A
)
LaTeX Font Info:    Trying to load font information for U+msb on input line 20.

("C:\Users\lunca\AppData\Local\Programs\MiKTeX 2.9\tex/latex/amsfonts\umsb.fd"
File: umsb.fd 2013/01/14 v3.01 AMS symbols B
) [1

{C:/Users/lunca/AppData/Local/MiKTeX/2.9/pdftex/config/pdftex.map}] [2]
[3] [4]
<svg/Griewangk1_svg-tex.pdf, id=162, 462.52798pt x 344.0052pt>
File: svg/Griewangk1_svg-tex.pdf Graphic file (type pdf)
<use svg/Griewangk1_svg-tex.pdf>
Package pdftex.def Info: svg/Griewangk1_svg-tex.pdf  used on input line 136.
(pdftex.def)             Requested size: 300.0pt x 223.13354pt.
<svg/Griewangk2_svg-tex.pdf, id=163, 462.52798pt x 344.0052pt>
File: svg/Griewangk2_svg-tex.pdf Graphic file (type pdf)
<use svg/Griewangk2_svg-tex.pdf>
Package pdftex.def Info: svg/Griewangk2_svg-tex.pdf  used on input line 141.
(pdftex.def)             Requested size: 300.0pt x 223.13354pt.


LaTeX Warning: `!h' float specifier changed to `!ht'.

[5 <./svg/Griewangk1_svg-tex.pdf>]
<svg/Rastrigin1_svg-tex.pdf, id=7680, 462.52798pt x 344.0052pt>
File: svg/Rastrigin1_svg-tex.pdf Graphic file (type pdf)
<use svg/Rastrigin1_svg-tex.pdf>
Package pdftex.def Info: svg/Rastrigin1_svg-tex.pdf  used on input line 152.
(pdftex.def)             Requested size: 300.0pt x 223.13354pt.


LaTeX Warning: `!h' float specifier changed to `!ht'.

<svg/Rosenbrock_svg-tex.pdf, id=7681, 462.52798pt x 344.0052pt>
File: svg/Rosenbrock_svg-tex.pdf Graphic file (type pdf)
<use svg/Rosenbrock_svg-tex.pdf>
Package pdftex.def Info: svg/Rosenbrock_svg-tex.pdf  used on input line 163.
(pdftex.def)             Requested size: 300.0pt x 223.13354pt.

LaTeX Warning: `!h' float specifier changed to `!ht'.

[6 <./svg/Griewangk2_svg-tex.pdf>] [7 <./svg/Rastrigin1_svg-tex.pdf> <./svg/Ros
enbrock_svg-tex.pdf

pdfTeX warning: pdflatex.exe (file ./svg/Rosenbrock_svg-tex.pdf): PDF inclusion
: multiple pdfs with page group included in a single page
>]
<svg/Sixhumpcamelback_svg-tex.pdf, id=30227, 462.52798pt x 344.0052pt>
File: svg/Sixhumpcamelback_svg-tex.pdf Graphic file (type pdf)
<use svg/Sixhumpcamelback_svg-tex.pdf>
Package pdftex.def Info: svg/Sixhumpcamelback_svg-tex.pdf  used on input line 1
74.
(pdftex.def)             Requested size: 300.0pt x 223.13354pt.
 [8 <./svg/Sixhumpcamelback_svg-tex.pdf>]
Package epstopdf Info: Source file: <experiment_1a_griewangk/min_eval_0.eps>
(epstopdf)                    date: 2020-05-19 07:50:37
(epstopdf)                    size: 32924 bytes
(epstopdf)             Output file: <experiment_1a_griewangk/min_eval_0-eps-con
verted-to.pdf>
(epstopdf)                    date: 2020-05-19 07:50:37
(epstopdf)                    size: 15380 bytes
(epstopdf)             Command: <epstopdf --outfile=experiment_1a_griewangk/min
_eval_0-eps-converted-to.pdf experiment_1a_griewangk/min_eval_0.eps>
(epstopdf)             \includegraphics on input line 239.
Package epstopdf Info: Output file is already uptodate.


pdfTeX warning: pdflatex.exe (file ./experiment_1a_griewangk/min_eval_0-eps-con
verted-to.pdf): PDF inclusion: found PDF version <1.7>, but at most version <1.
5> allowed
<experiment_1a_griewangk/min_eval_0-eps-converted-to.pdf, id=37755, 462.72874pt
 x 346.29375pt>
File: experiment_1a_griewangk/min_eval_0-eps-converted-to.pdf Graphic file (typ
e pdf)
<use experiment_1a_griewangk/min_eval_0-eps-converted-to.pdf>
Package pdftex.def Info: experiment_1a_griewangk/min_eval_0-eps-converted-to.pd
f  used on input line 239.
(pdftex.def)             Requested size: 185.08821pt x 138.51503pt.

Overfull \hbox (19.48969pt too wide) in paragraph at lines 239--240
 [][] 
 []

Package epstopdf Info: Source file: <experiment_1a_griewangk/max_fitness_0.eps>

(epstopdf)                    date: 2020-05-19 07:50:37
(epstopdf)                    size: 37126 bytes
(epstopdf)             Output file: <experiment_1a_griewangk/max_fitness_0-eps-
converted-to.pdf>
(epstopdf)                    date: 2020-05-19 07:50:37
(epstopdf)                    size: 17013 bytes
(epstopdf)             Command: <epstopdf --outfile=experiment_1a_griewangk/max
_fitness_0-eps-converted-to.pdf experiment_1a_griewangk/max_fitness_0.eps>
(epstopdf)             \includegraphics on input line 244.
Package epstopdf Info: Output file is already uptodate.


pdfTeX warning: pdflatex.exe (file ./experiment_1a_griewangk/max_fitness_0-eps-
converted-to.pdf): PDF inclusion: found PDF version <1.7>, but at most version 
<1.5> allowed
<experiment_1a_griewangk/max_fitness_0-eps-converted-to.pdf, id=37757, 462.7287
4pt x 346.29375pt>
File: experiment_1a_griewangk/max_fitness_0-eps-converted-to.pdf Graphic file (
type pdf)
<use experiment_1a_griewangk/max_fitness_0-eps-converted-to.pdf>
Package pdftex.def Info: experiment_1a_griewangk/max_fitness_0-eps-converted-to
.pdf  used on input line 244.
(pdftex.def)             Requested size: 185.08821pt x 138.51503pt.

Overfull \hbox (19.48969pt too wide) in paragraph at lines 244--245
 [][] 
 []

Package epstopdf Info: Source file: <experiment_1b_griewangk/min_eval_0.eps>
(epstopdf)                    date: 2020-05-19 07:50:37
(epstopdf)                    size: 30923 bytes
(epstopdf)             Output file: <experiment_1b_griewangk/min_eval_0-eps-con
verted-to.pdf>
(epstopdf)                    date: 2020-05-19 07:50:37
(epstopdf)                    size: 14637 bytes
(epstopdf)             Command: <epstopdf --outfile=experiment_1b_griewangk/min
_eval_0-eps-converted-to.pdf experiment_1b_griewangk/min_eval_0.eps>
(epstopdf)             \includegraphics on input line 255.
Package epstopdf Info: Output file is already uptodate.


pdfTeX warning: pdflatex.exe (file ./experiment_1b_griewangk/min_eval_0-eps-con
verted-to.pdf): PDF inclusion: found PDF version <1.7>, but at most version <1.
5> allowed
<experiment_1b_griewangk/min_eval_0-eps-converted-to.pdf, id=37759, 462.72874pt
 x 346.29375pt>
File: experiment_1b_griewangk/min_eval_0-eps-converted-to.pdf Graphic file (typ
e pdf)
<use experiment_1b_griewangk/min_eval_0-eps-converted-to.pdf>
Package pdftex.def Info: experiment_1b_griewangk/min_eval_0-eps-converted-to.pd
f  used on input line 255.
(pdftex.def)             Requested size: 185.08821pt x 138.51503pt.

Overfull \hbox (19.48969pt too wide) in paragraph at lines 255--256
 [][] 
 []

Package epstopdf Info: Source file: <experiment_1b_griewangk/max_fitness_0.eps>

(epstopdf)                    date: 2020-05-19 07:50:37
(epstopdf)                    size: 35170 bytes
(epstopdf)             Output file: <experiment_1b_griewangk/max_fitness_0-eps-
converted-to.pdf>
(epstopdf)                    date: 2020-05-19 07:50:37
(epstopdf)                    size: 16449 bytes
(epstopdf)             Command: <epstopdf --outfile=experiment_1b_griewangk/max
_fitness_0-eps-converted-to.pdf experiment_1b_griewangk/max_fitness_0.eps>
(epstopdf)             \includegraphics on input line 260.
Package epstopdf Info: Output file is already uptodate.


pdfTeX warning: pdflatex.exe (file ./experiment_1b_griewangk/max_fitness_0-eps-
converted-to.pdf): PDF inclusion: found PDF version <1.7>, but at most version 
<1.5> allowed
<experiment_1b_griewangk/max_fitness_0-eps-converted-to.pdf, id=37761, 462.7287
4pt x 346.29375pt>
File: experiment_1b_griewangk/max_fitness_0-eps-converted-to.pdf Graphic file (
type pdf)
<use experiment_1b_griewangk/max_fitness_0-eps-converted-to.pdf>
Package pdftex.def Info: experiment_1b_griewangk/max_fitness_0-eps-converted-to
.pdf  used on input line 260.
(pdftex.def)             Requested size: 185.08821pt x 138.51503pt.

Overfull \hbox (19.48969pt too wide) in paragraph at lines 260--261
 [][] 
 []

[9 <./experiment_1a_griewangk/min_eval_0-eps-converted-to.pdf> <./experiment_1a
_griewangk/max_fitness_0-eps-converted-to.pdf>]
Package epstopdf Info: Source file: <experiment_2a_griewangk/max_fitness_0.eps>

(epstopdf)                    date: 2020-05-19 07:50:37
(epstopdf)                    size: 18109 bytes
(epstopdf)             Output file: <experiment_2a_griewangk/max_fitness_0-eps-
converted-to.pdf>
(epstopdf)                    date: 2020-05-19 07:50:37
(epstopdf)                    size: 10576 bytes
(epstopdf)             Command: <epstopdf --outfile=experiment_2a_griewangk/max
_fitness_0-eps-converted-to.pdf experiment_2a_griewangk/max_fitness_0.eps>
(epstopdf)             \includegraphics on input line 271.
Package epstopdf Info: Output file is already uptodate.


pdfTeX warning: pdflatex.exe (file ./experiment_2a_griewangk/max_fitness_0-eps-
converted-to.pdf): PDF inclusion: found PDF version <1.7>, but at most version 
<1.5> allowed
<experiment_2a_griewangk/max_fitness_0-eps-converted-to.pdf, id=37831, 462.7287
4pt x 346.29375pt>
File: experiment_2a_griewangk/max_fitness_0-eps-converted-to.pdf Graphic file (
type pdf)
<use experiment_2a_griewangk/max_fitness_0-eps-converted-to.pdf>
Package pdftex.def Info: experiment_2a_griewangk/max_fitness_0-eps-converted-to
.pdf  used on input line 271.
(pdftex.def)             Requested size: 185.08821pt x 138.51503pt.

Overfull \hbox (19.48969pt too wide) in paragraph at lines 271--272
 [][] 
 []

Package epstopdf Info: Source file: <experiment_2b_griewangk/max_fitness_0.eps>

(epstopdf)                    date: 2020-05-19 07:50:37
(epstopdf)                    size: 20145 bytes
(epstopdf)             Output file: <experiment_2b_griewangk/max_fitness_0-eps-
converted-to.pdf>
(epstopdf)                    date: 2020-05-19 07:50:37
(epstopdf)                    size: 11442 bytes
(epstopdf)             Command: <epstopdf --outfile=experiment_2b_griewangk/max
_fitness_0-eps-converted-to.pdf experiment_2b_griewangk/max_fitness_0.eps>
(epstopdf)             \includegraphics on input line 276.
Package epstopdf Info: Output file is already uptodate.


pdfTeX warning: pdflatex.exe (file ./experiment_2b_griewangk/max_fitness_0-eps-
converted-to.pdf): PDF inclusion: found PDF version <1.7>, but at most version 
<1.5> allowed
<experiment_2b_griewangk/max_fitness_0-eps-converted-to.pdf, id=37832, 462.7287
4pt x 346.29375pt>
File: experiment_2b_griewangk/max_fitness_0-eps-converted-to.pdf Graphic file (
type pdf)
<use experiment_2b_griewangk/max_fitness_0-eps-converted-to.pdf>
Package pdftex.def Info: experiment_2b_griewangk/max_fitness_0-eps-converted-to
.pdf  used on input line 276.
(pdftex.def)             Requested size: 185.08821pt x 138.51503pt.

Overfull \hbox (19.48969pt too wide) in paragraph at lines 276--277
 [][] 
 []

Package epstopdf Info: Source file: <experiment_3a_griewangk/ga_min_eval_0.eps>

(epstopdf)                    date: 2020-05-19 07:50:37
(epstopdf)                    size: 33455 bytes
(epstopdf)             Output file: <experiment_3a_griewangk/ga_min_eval_0-eps-
converted-to.pdf>
(epstopdf)                    date: 2020-05-19 07:50:37
(epstopdf)                    size: 15492 bytes
(epstopdf)             Command: <epstopdf --outfile=experiment_3a_griewangk/ga_
min_eval_0-eps-converted-to.pdf experiment_3a_griewangk/ga_min_eval_0.eps>
(epstopdf)             \includegraphics on input line 287.
Package epstopdf Info: Output file is already uptodate.


pdfTeX warning: pdflatex.exe (file ./experiment_3a_griewangk/ga_min_eval_0-eps-
converted-to.pdf): PDF inclusion: found PDF version <1.7>, but at most version 
<1.5> allowed
<experiment_3a_griewangk/ga_min_eval_0-eps-converted-to.pdf, id=37833, 462.7287
4pt x 346.29375pt>
File: experiment_3a_griewangk/ga_min_eval_0-eps-converted-to.pdf Graphic file (
type pdf)
<use experiment_3a_griewangk/ga_min_eval_0-eps-converted-to.pdf>
Package pdftex.def Info: experiment_3a_griewangk/ga_min_eval_0-eps-converted-to
.pdf  used on input line 287.
(pdftex.def)             Requested size: 185.08821pt x 138.51503pt.

Overfull \hbox (19.48969pt too wide) in paragraph at lines 287--288
 [][] 
 []

Package epstopdf Info: Source file: <experiment_3a_griewangk/hc_max_fitness_0.e
ps>
(epstopdf)                    date: 2020-05-19 07:50:37
(epstopdf)                    size: 16185 bytes
(epstopdf)             Output file: <experiment_3a_griewangk/hc_max_fitness_0-e
ps-converted-to.pdf>
(epstopdf)                    date: 2020-05-19 07:50:37
(epstopdf)                    size: 9703 bytes
(epstopdf)             Command: <epstopdf --outfile=experiment_3a_griewangk/hc_
max_fitness_0-eps-converted-to.pdf experiment_3a_griewangk/hc_max_fitness_0.eps
>
(epstopdf)             \includegraphics on input line 292.
Package epstopdf Info: Output file is already uptodate.


pdfTeX warning: pdflatex.exe (file ./experiment_3a_griewangk/hc_max_fitness_0-e
ps-converted-to.pdf): PDF inclusion: found PDF version <1.7>, but at most versi
on <1.5> allowed
<experiment_3a_griewangk/hc_max_fitness_0-eps-converted-to.pdf, id=37834, 462.7
2874pt x 346.29375pt>
File: experiment_3a_griewangk/hc_max_fitness_0-eps-converted-to.pdf Graphic fil
e (type pdf)
<use experiment_3a_griewangk/hc_max_fitness_0-eps-converted-to.pdf>
Package pdftex.def Info: experiment_3a_griewangk/hc_max_fitness_0-eps-converted
-to.pdf  used on input line 292.
(pdftex.def)             Requested size: 185.08821pt x 138.51503pt.

Overfull \hbox (19.48969pt too wide) in paragraph at lines 292--293
 [][] 
 []

[10 <./experiment_1b_griewangk/min_eval_0-eps-converted-to.pdf> <./experiment_1
b_griewangk/max_fitness_0-eps-converted-to.pdf> <./experiment_2a_griewangk/max_
fitness_0-eps-converted-to.pdf> <./experiment_2b_griewangk/max_fitness_0-eps-co
nverted-to.pdf>]
Package epstopdf Info: Source file: <boxplots/griewangk_boxplot.eps>
(epstopdf)                    date: 2020-05-19 07:50:37
(epstopdf)                    size: 20624 bytes
(epstopdf)             Output file: <boxplots/griewangk_boxplot-eps-converted-t
o.pdf>
(epstopdf)                    date: 2020-05-19 07:50:37
(epstopdf)                    size: 10750 bytes
(epstopdf)             Command: <epstopdf --outfile=boxplots/griewangk_boxplot-
eps-converted-to.pdf boxplots/griewangk_boxplot.eps>
(epstopdf)             \includegraphics on input line 303.
Package epstopdf Info: Output file is already uptodate.


pdfTeX warning: pdflatex.exe (file ./boxplots/griewangk_boxplot-eps-converted-t
o.pdf): PDF inclusion: found PDF version <1.7>, but at most version <1.5> allow
ed
<boxplots/griewangk_boxplot-eps-converted-to.pdf, id=37950, 462.72874pt x 346.2
9375pt>
File: boxplots/griewangk_boxplot-eps-converted-to.pdf Graphic file (type pdf)
<use boxplots/griewangk_boxplot-eps-converted-to.pdf>
Package pdftex.def Info: boxplots/griewangk_boxplot-eps-converted-to.pdf  used 
on input line 303.
(pdftex.def)             Requested size: 370.1835pt x 277.03537pt.

Overfull \hbox (25.1835pt too wide) in paragraph at lines 303--304
 [][] 
 []

<t_test/griewangk_t_test_matrix.png, id=37951, 395.97937pt x 298.11375pt>
File: t_test/griewangk_t_test_matrix.png Graphic file (type png)
<use t_test/griewangk_t_test_matrix.png>
Package pdftex.def Info: t_test/griewangk_t_test_matrix.png  used on input line
 314.
(pdftex.def)             Requested size: 316.78392pt x 238.49132pt.
[11 <./experiment_3a_griewangk/ga_min_eval_0-eps-converted-to.pdf> <./experimen
t_3a_griewangk/hc_max_fitness_0-eps-converted-to.pdf> <./boxplots/griewangk_box
plot-eps-converted-to.pdf>]
Package epstopdf Info: Source file: <experiment_1a_rastrigin/min_eval_0.eps>
(epstopdf)                    date: 2020-05-19 07:50:37
(epstopdf)                    size: 38144 bytes
(epstopdf)             Output file: <experiment_1a_rastrigin/min_eval_0-eps-con
verted-to.pdf>
(epstopdf)                    date: 2020-05-19 07:50:37
(epstopdf)                    size: 16713 bytes
(epstopdf)             Command: <epstopdf --outfile=experiment_1a_rastrigin/min
_eval_0-eps-converted-to.pdf experiment_1a_rastrigin/min_eval_0.eps>
(epstopdf)             \includegraphics on input line 343.
Package epstopdf Info: Output file is already uptodate.


pdfTeX warning: pdflatex.exe (file ./experiment_1a_rastrigin/min_eval_0-eps-con
verted-to.pdf): PDF inclusion: found PDF version <1.7>, but at most version <1.
5> allowed
<experiment_1a_rastrigin/min_eval_0-eps-converted-to.pdf, id=38043, 462.72874pt
 x 346.29375pt>
File: experiment_1a_rastrigin/min_eval_0-eps-converted-to.pdf Graphic file (typ
e pdf)
<use experiment_1a_rastrigin/min_eval_0-eps-converted-to.pdf>
Package pdftex.def Info: experiment_1a_rastrigin/min_eval_0-eps-converted-to.pd
f  used on input line 343.
(pdftex.def)             Requested size: 185.08821pt x 138.51503pt.

Overfull \hbox (19.48969pt too wide) in paragraph at lines 343--344
 [][] 
 []

Package epstopdf Info: Source file: <experiment_1a_rastrigin/max_fitness_0.eps>

(epstopdf)                    date: 2020-05-19 07:50:37
(epstopdf)                    size: 40843 bytes
(epstopdf)             Output file: <experiment_1a_rastrigin/max_fitness_0-eps-
converted-to.pdf>
(epstopdf)                    date: 2020-05-19 07:50:37
(epstopdf)                    size: 17761 bytes
(epstopdf)             Command: <epstopdf --outfile=experiment_1a_rastrigin/max
_fitness_0-eps-converted-to.pdf experiment_1a_rastrigin/max_fitness_0.eps>
(epstopdf)             \includegraphics on input line 348.
Package epstopdf Info: Output file is already uptodate.


pdfTeX warning: pdflatex.exe (file ./experiment_1a_rastrigin/max_fitness_0-eps-
converted-to.pdf): PDF inclusion: found PDF version <1.7>, but at most version 
<1.5> allowed
<experiment_1a_rastrigin/max_fitness_0-eps-converted-to.pdf, id=38045, 462.7287
4pt x 346.29375pt>
File: experiment_1a_rastrigin/max_fitness_0-eps-converted-to.pdf Graphic file (
type pdf)
<use experiment_1a_rastrigin/max_fitness_0-eps-converted-to.pdf>
Package pdftex.def Info: experiment_1a_rastrigin/max_fitness_0-eps-converted-to
.pdf  used on input line 348.
(pdftex.def)             Requested size: 185.08821pt x 138.51503pt.

Overfull \hbox (19.48969pt too wide) in paragraph at lines 348--349
 [][] 
 []

[12 <./t_test/griewangk_t_test_matrix.png>]
Package epstopdf Info: Source file: <experiment_1b_rastrigin/min_eval_0.eps>
(epstopdf)                    date: 2020-05-19 07:50:37
(epstopdf)                    size: 34521 bytes
(epstopdf)             Output file: <experiment_1b_rastrigin/min_eval_0-eps-con
verted-to.pdf>
(epstopdf)                    date: 2020-05-19 07:50:37
(epstopdf)                    size: 15437 bytes
(epstopdf)             Command: <epstopdf --outfile=experiment_1b_rastrigin/min
_eval_0-eps-converted-to.pdf experiment_1b_rastrigin/min_eval_0.eps>
(epstopdf)             \includegraphics on input line 358.
Package epstopdf Info: Output file is already uptodate.


pdfTeX warning: pdflatex.exe (file ./experiment_1b_rastrigin/min_eval_0-eps-con
verted-to.pdf): PDF inclusion: found PDF version <1.7>, but at most version <1.
5> allowed
<experiment_1b_rastrigin/min_eval_0-eps-converted-to.pdf, id=38054, 462.72874pt
 x 346.29375pt>
File: experiment_1b_rastrigin/min_eval_0-eps-converted-to.pdf Graphic file (typ
e pdf)
<use experiment_1b_rastrigin/min_eval_0-eps-converted-to.pdf>
Package pdftex.def Info: experiment_1b_rastrigin/min_eval_0-eps-converted-to.pd
f  used on input line 358.
(pdftex.def)             Requested size: 185.08821pt x 138.51503pt.

Overfull \hbox (19.48969pt too wide) in paragraph at lines 358--359
 [][] 
 []

Package epstopdf Info: Source file: <experiment_1b_rastrigin/max_fitness_0.eps>

(epstopdf)                    date: 2020-05-19 07:50:37
(epstopdf)                    size: 39779 bytes
(epstopdf)             Output file: <experiment_1b_rastrigin/max_fitness_0-eps-
converted-to.pdf>
(epstopdf)                    date: 2020-05-19 07:50:37
(epstopdf)                    size: 17537 bytes
(epstopdf)             Command: <epstopdf --outfile=experiment_1b_rastrigin/max
_fitness_0-eps-converted-to.pdf experiment_1b_rastrigin/max_fitness_0.eps>
(epstopdf)             \includegraphics on input line 363.
Package epstopdf Info: Output file is already uptodate.


pdfTeX warning: pdflatex.exe (file ./experiment_1b_rastrigin/max_fitness_0-eps-
converted-to.pdf): PDF inclusion: found PDF version <1.7>, but at most version 
<1.5> allowed
<experiment_1b_rastrigin/max_fitness_0-eps-converted-to.pdf, id=38056, 462.7287
4pt x 346.29375pt>
File: experiment_1b_rastrigin/max_fitness_0-eps-converted-to.pdf Graphic file (
type pdf)
<use experiment_1b_rastrigin/max_fitness_0-eps-converted-to.pdf>
Package pdftex.def Info: experiment_1b_rastrigin/max_fitness_0-eps-converted-to
.pdf  used on input line 363.
(pdftex.def)             Requested size: 185.08821pt x 138.51503pt.

Overfull \hbox (19.48969pt too wide) in paragraph at lines 363--364
 [][] 
 []

Package epstopdf Info: Source file: <experiment_2a_rastrigin/max_fitness_0.eps>

(epstopdf)                    date: 2020-05-19 07:50:37
(epstopdf)                    size: 17787 bytes
(epstopdf)             Output file: <experiment_2a_rastrigin/max_fitness_0-eps-
converted-to.pdf>
(epstopdf)                    date: 2020-05-19 07:50:37
(epstopdf)                    size: 10572 bytes
(epstopdf)             Command: <epstopdf --outfile=experiment_2a_rastrigin/max
_fitness_0-eps-converted-to.pdf experiment_2a_rastrigin/max_fitness_0.eps>
(epstopdf)             \includegraphics on input line 373.
Package epstopdf Info: Output file is already uptodate.


pdfTeX warning: pdflatex.exe (file ./experiment_2a_rastrigin/max_fitness_0-eps-
converted-to.pdf): PDF inclusion: found PDF version <1.7>, but at most version 
<1.5> allowed
<experiment_2a_rastrigin/max_fitness_0-eps-converted-to.pdf, id=38058, 462.7287
4pt x 346.29375pt>
File: experiment_2a_rastrigin/max_fitness_0-eps-converted-to.pdf Graphic file (
type pdf)
<use experiment_2a_rastrigin/max_fitness_0-eps-converted-to.pdf>
Package pdftex.def Info: experiment_2a_rastrigin/max_fitness_0-eps-converted-to
.pdf  used on input line 373.
(pdftex.def)             Requested size: 185.08821pt x 138.51503pt.

Overfull \hbox (19.48969pt too wide) in paragraph at lines 373--374
 [][] 
 []

Package epstopdf Info: Source file: <experiment_2b_rastrigin/max_fitness_0.eps>

(epstopdf)                    date: 2020-05-19 07:50:37
(epstopdf)                    size: 20062 bytes
(epstopdf)             Output file: <experiment_2b_rastrigin/max_fitness_0-eps-
converted-to.pdf>
(epstopdf)                    date: 2020-05-19 07:50:37
(epstopdf)                    size: 11201 bytes
(epstopdf)             Command: <epstopdf --outfile=experiment_2b_rastrigin/max
_fitness_0-eps-converted-to.pdf experiment_2b_rastrigin/max_fitness_0.eps>
(epstopdf)             \includegraphics on input line 378.
Package epstopdf Info: Output file is already uptodate.


pdfTeX warning: pdflatex.exe (file ./experiment_2b_rastrigin/max_fitness_0-eps-
converted-to.pdf): PDF inclusion: found PDF version <1.7>, but at most version 
<1.5> allowed
<experiment_2b_rastrigin/max_fitness_0-eps-converted-to.pdf, id=38059, 462.7287
4pt x 346.29375pt>
File: experiment_2b_rastrigin/max_fitness_0-eps-converted-to.pdf Graphic file (
type pdf)
<use experiment_2b_rastrigin/max_fitness_0-eps-converted-to.pdf>
Package pdftex.def Info: experiment_2b_rastrigin/max_fitness_0-eps-converted-to
.pdf  used on input line 378.
(pdftex.def)             Requested size: 185.08821pt x 138.51503pt.

Overfull \hbox (19.48969pt too wide) in paragraph at lines 378--379
 [][] 
 []

[13 <./experiment_1a_rastrigin/min_eval_0-eps-converted-to.pdf> <./experiment_1
a_rastrigin/max_fitness_0-eps-converted-to.pdf> <./experiment_1b_rastrigin/min_
eval_0-eps-converted-to.pdf> <./experiment_1b_rastrigin/max_fitness_0-eps-conve
rted-to.pdf>]
Package epstopdf Info: Source file: <experiment_3a_rastrigin/ga_min_eval_0.eps>

(epstopdf)                    date: 2020-05-19 07:50:37
(epstopdf)                    size: 38690 bytes
(epstopdf)             Output file: <experiment_3a_rastrigin/ga_min_eval_0-eps-
converted-to.pdf>
(epstopdf)                    date: 2020-05-19 07:50:37
(epstopdf)                    size: 16856 bytes
(epstopdf)             Command: <epstopdf --outfile=experiment_3a_rastrigin/ga_
min_eval_0-eps-converted-to.pdf experiment_3a_rastrigin/ga_min_eval_0.eps>
(epstopdf)             \includegraphics on input line 389.
Package epstopdf Info: Output file is already uptodate.


pdfTeX warning: pdflatex.exe (file ./experiment_3a_rastrigin/ga_min_eval_0-eps-
converted-to.pdf): PDF inclusion: found PDF version <1.7>, but at most version 
<1.5> allowed
<experiment_3a_rastrigin/ga_min_eval_0-eps-converted-to.pdf, id=38177, 462.7287
4pt x 346.29375pt>
File: experiment_3a_rastrigin/ga_min_eval_0-eps-converted-to.pdf Graphic file (
type pdf)
<use experiment_3a_rastrigin/ga_min_eval_0-eps-converted-to.pdf>
Package pdftex.def Info: experiment_3a_rastrigin/ga_min_eval_0-eps-converted-to
.pdf  used on input line 389.
(pdftex.def)             Requested size: 185.08821pt x 138.51503pt.

Overfull \hbox (19.48969pt too wide) in paragraph at lines 389--390
 [][] 
 []

Package epstopdf Info: Source file: <experiment_3a_rastrigin/hc_max_fitness_0.e
ps>
(epstopdf)                    date: 2020-05-19 07:50:37
(epstopdf)                    size: 19182 bytes
(epstopdf)             Output file: <experiment_3a_rastrigin/hc_max_fitness_0-e
ps-converted-to.pdf>
(epstopdf)                    date: 2020-05-19 07:50:37
(epstopdf)                    size: 10889 bytes
(epstopdf)             Command: <epstopdf --outfile=experiment_3a_rastrigin/hc_
max_fitness_0-eps-converted-to.pdf experiment_3a_rastrigin/hc_max_fitness_0.eps
>
(epstopdf)             \includegraphics on input line 394.
Package epstopdf Info: Output file is already uptodate.


pdfTeX warning: pdflatex.exe (file ./experiment_3a_rastrigin/hc_max_fitness_0-e
ps-converted-to.pdf): PDF inclusion: found PDF version <1.7>, but at most versi
on <1.5> allowed
<experiment_3a_rastrigin/hc_max_fitness_0-eps-converted-to.pdf, id=38178, 462.7
2874pt x 346.29375pt>
File: experiment_3a_rastrigin/hc_max_fitness_0-eps-converted-to.pdf Graphic fil
e (type pdf)
<use experiment_3a_rastrigin/hc_max_fitness_0-eps-converted-to.pdf>
Package pdftex.def Info: experiment_3a_rastrigin/hc_max_fitness_0-eps-converted
-to.pdf  used on input line 394.
(pdftex.def)             Requested size: 185.08821pt x 138.51503pt.

Overfull \hbox (19.48969pt too wide) in paragraph at lines 394--395
 [][] 
 []

Package epstopdf Info: Source file: <boxplots/rastrigin_boxplot.eps>
(epstopdf)                    date: 2020-05-19 07:50:37
(epstopdf)                    size: 21747 bytes
(epstopdf)             Output file: <boxplots/rastrigin_boxplot-eps-converted-t
o.pdf>
(epstopdf)                    date: 2020-05-19 07:50:37
(epstopdf)                    size: 11659 bytes
(epstopdf)             Command: <epstopdf --outfile=boxplots/rastrigin_boxplot-
eps-converted-to.pdf boxplots/rastrigin_boxplot.eps>
(epstopdf)             \includegraphics on input line 405.
Package epstopdf Info: Output file is already uptodate.


pdfTeX warning: pdflatex.exe (file ./boxplots/rastrigin_boxplot-eps-converted-t
o.pdf): PDF inclusion: found PDF version <1.7>, but at most version <1.5> allow
ed
<boxplots/rastrigin_boxplot-eps-converted-to.pdf, id=38179, 462.72874pt x 346.2
9375pt>
File: boxplots/rastrigin_boxplot-eps-converted-to.pdf Graphic file (type pdf)
<use boxplots/rastrigin_boxplot-eps-converted-to.pdf>
Package pdftex.def Info: boxplots/rastrigin_boxplot-eps-converted-to.pdf  used 
on input line 405.
(pdftex.def)             Requested size: 370.1835pt x 277.03537pt.

Overfull \hbox (25.1835pt too wide) in paragraph at lines 405--406
 [][] 
 []

[14 <./experiment_2a_rastrigin/max_fitness_0-eps-converted-to.pdf> <./experimen
t_2b_rastrigin/max_fitness_0-eps-converted-to.pdf> <./experiment_3a_rastrigin/g
a_min_eval_0-eps-converted-to.pdf> <./experiment_3a_rastrigin/hc_max_fitness_0-
eps-converted-to.pdf>] [15 <./boxplots/rastrigin_boxplot-eps-converted-to.pdf>]
<t_test/rastrigin_t_test_matrix.png, id=38327, 380.1402pt x 286.1892pt>
File: t_test/rastrigin_t_test_matrix.png Graphic file (type png)
<use t_test/rastrigin_t_test_matrix.png>
Package pdftex.def Info: t_test/rastrigin_t_test_matrix.png  used on input line
 416.
(pdftex.def)             Requested size: 304.11255pt x 228.95164pt.
Package epstopdf Info: Source file: <experiment_1a_rosenbrock/min_eval_0.eps>
(epstopdf)                    date: 2020-05-19 07:50:37
(epstopdf)                    size: 52646 bytes
(epstopdf)             Output file: <experiment_1a_rosenbrock/min_eval_0-eps-co
nverted-to.pdf>
(epstopdf)                    date: 2020-05-19 07:50:37
(epstopdf)                    size: 20524 bytes
(epstopdf)             Command: <epstopdf --outfile=experiment_1a_rosenbrock/mi
n_eval_0-eps-converted-to.pdf experiment_1a_rosenbrock/min_eval_0.eps>
(epstopdf)             \includegraphics on input line 446.
Package epstopdf Info: Output file is already uptodate.


pdfTeX warning: pdflatex.exe (file ./experiment_1a_rosenbrock/min_eval_0-eps-co
nverted-to.pdf): PDF inclusion: found PDF version <1.7>, but at most version <1
.5> allowed
<experiment_1a_rosenbrock/min_eval_0-eps-converted-to.pdf, id=38337, 462.72874p
t x 346.29375pt>
File: experiment_1a_rosenbrock/min_eval_0-eps-converted-to.pdf Graphic file (ty
pe pdf)
<use experiment_1a_rosenbrock/min_eval_0-eps-converted-to.pdf>
Package pdftex.def Info: experiment_1a_rosenbrock/min_eval_0-eps-converted-to.p
df  used on input line 446.
(pdftex.def)             Requested size: 185.08821pt x 138.51503pt.

Overfull \hbox (19.48969pt too wide) in paragraph at lines 446--447
 [][] 
 []

Package epstopdf Info: Source file: <experiment_1a_rosenbrock/max_fitness_0.eps
>
(epstopdf)                    date: 2020-05-19 07:50:37
(epstopdf)                    size: 56635 bytes
(epstopdf)             Output file: <experiment_1a_rosenbrock/max_fitness_0-eps
-converted-to.pdf>
(epstopdf)                    date: 2020-05-19 07:50:37
(epstopdf)                    size: 22200 bytes
(epstopdf)             Command: <epstopdf --outfile=experiment_1a_rosenbrock/ma
x_fitness_0-eps-converted-to.pdf experiment_1a_rosenbrock/max_fitness_0.eps>
(epstopdf)             \includegraphics on input line 451.
Package epstopdf Info: Output file is already uptodate.


pdfTeX warning: pdflatex.exe (file ./experiment_1a_rosenbrock/max_fitness_0-eps
-converted-to.pdf): PDF inclusion: found PDF version <1.7>, but at most version
 <1.5> allowed
<experiment_1a_rosenbrock/max_fitness_0-eps-converted-to.pdf, id=38339, 462.728
74pt x 346.29375pt>
File: experiment_1a_rosenbrock/max_fitness_0-eps-converted-to.pdf Graphic file 
(type pdf)
<use experiment_1a_rosenbrock/max_fitness_0-eps-converted-to.pdf>
Package pdftex.def Info: experiment_1a_rosenbrock/max_fitness_0-eps-converted-t
o.pdf  used on input line 451.
(pdftex.def)             Requested size: 185.08821pt x 138.51503pt.

Overfull \hbox (19.48969pt too wide) in paragraph at lines 451--452
 [][] 
 []

[16 <./t_test/rastrigin_t_test_matrix.png>]
Package epstopdf Info: Source file: <experiment_1b_rosenbrock/min_eval_0.eps>
(epstopdf)                    date: 2020-05-19 07:50:37
(epstopdf)                    size: 50177 bytes
(epstopdf)             Output file: <experiment_1b_rosenbrock/min_eval_0-eps-co
nverted-to.pdf>
(epstopdf)                    date: 2020-05-19 07:50:37
(epstopdf)                    size: 19542 bytes
(epstopdf)             Command: <epstopdf --outfile=experiment_1b_rosenbrock/mi
n_eval_0-eps-converted-to.pdf experiment_1b_rosenbrock/min_eval_0.eps>
(epstopdf)             \includegraphics on input line 461.
Package epstopdf Info: Output file is already uptodate.


pdfTeX warning: pdflatex.exe (file ./experiment_1b_rosenbrock/min_eval_0-eps-co
nverted-to.pdf): PDF inclusion: found PDF version <1.7>, but at most version <1
.5> allowed
<experiment_1b_rosenbrock/min_eval_0-eps-converted-to.pdf, id=38349, 462.72874p
t x 346.29375pt>
File: experiment_1b_rosenbrock/min_eval_0-eps-converted-to.pdf Graphic file (ty
pe pdf)
<use experiment_1b_rosenbrock/min_eval_0-eps-converted-to.pdf>
Package pdftex.def Info: experiment_1b_rosenbrock/min_eval_0-eps-converted-to.p
df  used on input line 461.
(pdftex.def)             Requested size: 185.08821pt x 138.51503pt.

Overfull \hbox (19.48969pt too wide) in paragraph at lines 461--462
 [][] 
 []

Package epstopdf Info: Source file: <experiment_1b_rosenbrock/max_fitness_0.eps
>
(epstopdf)                    date: 2020-05-19 07:50:37
(epstopdf)                    size: 57490 bytes
(epstopdf)             Output file: <experiment_1b_rosenbrock/max_fitness_0-eps
-converted-to.pdf>
(epstopdf)                    date: 2020-05-19 07:50:37
(epstopdf)                    size: 22358 bytes
(epstopdf)             Command: <epstopdf --outfile=experiment_1b_rosenbrock/ma
x_fitness_0-eps-converted-to.pdf experiment_1b_rosenbrock/max_fitness_0.eps>
(epstopdf)             \includegraphics on input line 466.
Package epstopdf Info: Output file is already uptodate.


pdfTeX warning: pdflatex.exe (file ./experiment_1b_rosenbrock/max_fitness_0-eps
-converted-to.pdf): PDF inclusion: found PDF version <1.7>, but at most version
 <1.5> allowed
<experiment_1b_rosenbrock/max_fitness_0-eps-converted-to.pdf, id=38351, 462.728
74pt x 346.29375pt>
File: experiment_1b_rosenbrock/max_fitness_0-eps-converted-to.pdf Graphic file 
(type pdf)
<use experiment_1b_rosenbrock/max_fitness_0-eps-converted-to.pdf>
Package pdftex.def Info: experiment_1b_rosenbrock/max_fitness_0-eps-converted-t
o.pdf  used on input line 466.
(pdftex.def)             Requested size: 185.08821pt x 138.51503pt.

Overfull \hbox (19.48969pt too wide) in paragraph at lines 466--467
 [][] 
 []

Package epstopdf Info: Source file: <experiment_2a_rosenbrock/max_fitness_0.eps
>
(epstopdf)                    date: 2020-05-19 07:50:37
(epstopdf)                    size: 16954 bytes
(epstopdf)             Output file: <experiment_2a_rosenbrock/max_fitness_0-eps
-converted-to.pdf>
(epstopdf)                    date: 2020-05-19 07:50:37
(epstopdf)                    size: 9380 bytes
(epstopdf)             Command: <epstopdf --outfile=experiment_2a_rosenbrock/ma
x_fitness_0-eps-converted-to.pdf experiment_2a_rosenbrock/max_fitness_0.eps>
(epstopdf)             \includegraphics on input line 477.
Package epstopdf Info: Output file is already uptodate.


pdfTeX warning: pdflatex.exe (file ./experiment_2a_rosenbrock/max_fitness_0-eps
-converted-to.pdf): PDF inclusion: found PDF version <1.7>, but at most version
 <1.5> allowed
<experiment_2a_rosenbrock/max_fitness_0-eps-converted-to.pdf, id=38353, 462.728
74pt x 346.29375pt>
File: experiment_2a_rosenbrock/max_fitness_0-eps-converted-to.pdf Graphic file 
(type pdf)
<use experiment_2a_rosenbrock/max_fitness_0-eps-converted-to.pdf>
Package pdftex.def Info: experiment_2a_rosenbrock/max_fitness_0-eps-converted-t
o.pdf  used on input line 477.
(pdftex.def)             Requested size: 185.08821pt x 138.51503pt.

Overfull \hbox (19.48969pt too wide) in paragraph at lines 477--478
 [][] 
 []

Package epstopdf Info: Source file: <experiment_2b_rosenbrock/max_fitness_0.eps
>
(epstopdf)                    date: 2020-05-19 07:50:37
(epstopdf)                    size: 20899 bytes
(epstopdf)             Output file: <experiment_2b_rosenbrock/max_fitness_0-eps
-converted-to.pdf>
(epstopdf)                    date: 2020-05-19 07:50:37
(epstopdf)                    size: 11737 bytes
(epstopdf)             Command: <epstopdf --outfile=experiment_2b_rosenbrock/ma
x_fitness_0-eps-converted-to.pdf experiment_2b_rosenbrock/max_fitness_0.eps>
(epstopdf)             \includegraphics on input line 482.
Package epstopdf Info: Output file is already uptodate.


pdfTeX warning: pdflatex.exe (file ./experiment_2b_rosenbrock/max_fitness_0-eps
-converted-to.pdf): PDF inclusion: found PDF version <1.7>, but at most version
 <1.5> allowed
<experiment_2b_rosenbrock/max_fitness_0-eps-converted-to.pdf, id=38354, 462.728
74pt x 346.29375pt>
File: experiment_2b_rosenbrock/max_fitness_0-eps-converted-to.pdf Graphic file 
(type pdf)
<use experiment_2b_rosenbrock/max_fitness_0-eps-converted-to.pdf>
Package pdftex.def Info: experiment_2b_rosenbrock/max_fitness_0-eps-converted-t
o.pdf  used on input line 482.
(pdftex.def)             Requested size: 185.08821pt x 138.51503pt.

Overfull \hbox (19.48969pt too wide) in paragraph at lines 482--483
 [][] 
 []

[17 <./experiment_1a_rosenbrock/min_eval_0-eps-converted-to.pdf> <./experiment_
1a_rosenbrock/max_fitness_0-eps-converted-to.pdf> <./experiment_1b_rosenbrock/m
in_eval_0-eps-converted-to.pdf> <./experiment_1b_rosenbrock/max_fitness_0-eps-c
onverted-to.pdf>]
Package epstopdf Info: Source file: <experiment_3a_rosenbrock/ga_min_eval_0.eps
>
(epstopdf)                    date: 2020-05-19 07:50:37
(epstopdf)                    size: 54992 bytes
(epstopdf)             Output file: <experiment_3a_rosenbrock/ga_min_eval_0-eps
-converted-to.pdf>
(epstopdf)                    date: 2020-05-19 07:50:37
(epstopdf)                    size: 21647 bytes
(epstopdf)             Command: <epstopdf --outfile=experiment_3a_rosenbrock/ga
_min_eval_0-eps-converted-to.pdf experiment_3a_rosenbrock/ga_min_eval_0.eps>
(epstopdf)             \includegraphics on input line 493.
Package epstopdf Info: Output file is already uptodate.


pdfTeX warning: pdflatex.exe (file ./experiment_3a_rosenbrock/ga_min_eval_0-eps
-converted-to.pdf): PDF inclusion: found PDF version <1.7>, but at most version
 <1.5> allowed
<experiment_3a_rosenbrock/ga_min_eval_0-eps-converted-to.pdf, id=38465, 462.728
74pt x 346.29375pt>
File: experiment_3a_rosenbrock/ga_min_eval_0-eps-converted-to.pdf Graphic file 
(type pdf)
<use experiment_3a_rosenbrock/ga_min_eval_0-eps-converted-to.pdf>
Package pdftex.def Info: experiment_3a_rosenbrock/ga_min_eval_0-eps-converted-t
o.pdf  used on input line 493.
(pdftex.def)             Requested size: 185.08821pt x 138.51503pt.

Overfull \hbox (19.48969pt too wide) in paragraph at lines 493--494
 [][] 
 []

Package epstopdf Info: Source file: <experiment_3a_rosenbrock/hc_max_fitness_0.
eps>
(epstopdf)                    date: 2020-05-19 07:50:37
(epstopdf)                    size: 16108 bytes
(epstopdf)             Output file: <experiment_3a_rosenbrock/hc_max_fitness_0-
eps-converted-to.pdf>
(epstopdf)                    date: 2020-05-19 07:50:37
(epstopdf)                    size: 9867 bytes
(epstopdf)             Command: <epstopdf --outfile=experiment_3a_rosenbrock/hc
_max_fitness_0-eps-converted-to.pdf experiment_3a_rosenbrock/hc_max_fitness_0.e
ps>
(epstopdf)             \includegraphics on input line 498.
Package epstopdf Info: Output file is already uptodate.


pdfTeX warning: pdflatex.exe (file ./experiment_3a_rosenbrock/hc_max_fitness_0-
eps-converted-to.pdf): PDF inclusion: found PDF version <1.7>, but at most vers
ion <1.5> allowed
<experiment_3a_rosenbrock/hc_max_fitness_0-eps-converted-to.pdf, id=38466, 462.
72874pt x 346.29375pt>
File: experiment_3a_rosenbrock/hc_max_fitness_0-eps-converted-to.pdf Graphic fi
le (type pdf)
<use experiment_3a_rosenbrock/hc_max_fitness_0-eps-converted-to.pdf>
Package pdftex.def Info: experiment_3a_rosenbrock/hc_max_fitness_0-eps-converte
d-to.pdf  used on input line 498.
(pdftex.def)             Requested size: 185.08821pt x 138.51503pt.

Overfull \hbox (19.48969pt too wide) in paragraph at lines 498--499
 [][] 
 []

Package epstopdf Info: Source file: <boxplots/rosenbrock_boxplot.eps>
(epstopdf)                    date: 2020-05-19 07:50:37
(epstopdf)                    size: 21986 bytes
(epstopdf)             Output file: <boxplots/rosenbrock_boxplot-eps-converted-
to.pdf>
(epstopdf)                    date: 2020-05-19 07:50:37
(epstopdf)                    size: 11026 bytes
(epstopdf)             Command: <epstopdf --outfile=boxplots/rosenbrock_boxplot
-eps-converted-to.pdf boxplots/rosenbrock_boxplot.eps>
(epstopdf)             \includegraphics on input line 509.
Package epstopdf Info: Output file is already uptodate.


pdfTeX warning: pdflatex.exe (file ./boxplots/rosenbrock_boxplot-eps-converted-
to.pdf): PDF inclusion: found PDF version <1.7>, but at most version <1.5> allo
wed
<boxplots/rosenbrock_boxplot-eps-converted-to.pdf, id=38467, 462.72874pt x 346.
29375pt>
File: boxplots/rosenbrock_boxplot-eps-converted-to.pdf Graphic file (type pdf)
<use boxplots/rosenbrock_boxplot-eps-converted-to.pdf>
Package pdftex.def Info: boxplots/rosenbrock_boxplot-eps-converted-to.pdf  used
 on input line 509.
(pdftex.def)             Requested size: 370.1835pt x 277.03537pt.

Overfull \hbox (25.1835pt too wide) in paragraph at lines 509--510
 [][] 
 []

[18 <./experiment_2a_rosenbrock/max_fitness_0-eps-converted-to.pdf> <./experime
nt_2b_rosenbrock/max_fitness_0-eps-converted-to.pdf> <./experiment_3a_rosenbroc
k/ga_min_eval_0-eps-converted-to.pdf> <./experiment_3a_rosenbrock/hc_max_fitnes
s_0-eps-converted-to.pdf>] [19 <./boxplots/rosenbrock_boxplot-eps-converted-to.
pdf>]
<t_test/rosenbrock_t_test_matrix.png, id=38608, 380.1402pt x 286.1892pt>
File: t_test/rosenbrock_t_test_matrix.png Graphic file (type png)
<use t_test/rosenbrock_t_test_matrix.png>
Package pdftex.def Info: t_test/rosenbrock_t_test_matrix.png  used on input lin
e 520.
(pdftex.def)             Requested size: 304.11255pt x 228.95164pt.
 [20 <./t_test/rosenbrock_t_test_matrix.png>]
Underfull \hbox (badness 10000) in paragraph at lines 538--540
[]$\OT1/cmtt/m/n/10 https : / / www . academia . edu / 12824545 / An _ Introduc
tion _ to _ Genetic _
 []


Overfull \hbox (24.80252pt too wide) in paragraph at lines 551--553
[]$\OT1/cmtt/m/n/10 https : / / ocw . mit . edu / courses / institute-[]for-[]d
ata-[]systems-[]and-[]society /
 []


Overfull \hbox (20.55257pt too wide) in paragraph at lines 551--553
\OT1/cmtt/m/n/10 ids-[]338j-[]multidisciplinary-[]system-[]design-[]optimizatio
n-[]spring-[]2010 /
 []


Package natbib Warning: There were multiply defined citations.

Package atveryend Info: Empty hook `BeforeClearDocument' on input line 554.
[21pdfTeX warning (ext4): destination with the same identifier (name{cite.}) ha
s been already used, duplicate ignored

\AtBegShi@Output ...ipout \box \AtBeginShipoutBox 
                                                  \fi \fi 
l.554 \end{document}
                    pdfTeX warning (ext4): destination with the same identifier
 (name{cite.}) has been already used, duplicate ignored

\AtBegShi@Output ...ipout \box \AtBeginShipoutBox 
                                                  \fi \fi 
l.554 \end{document}
                    pdfTeX warning (ext4): destination with the same identifier
 (name{cite.}) has been already used, duplicate ignored

\AtBegShi@Output ...ipout \box \AtBeginShipoutBox 
                                                  \fi \fi 
l.554 \end{document}
                    ]
Package atveryend Info: Empty hook `AfterLastShipout' on input line 554.
 (main.aux

Package natbib Warning: Citation(s) may have changed.
(natbib)                Rerun to get citations correct.

)
Package atveryend Info: Executing hook `AtVeryEndDocument' on input line 554.
Package atveryend Info: Executing hook `AtEndAfterFileList' on input line 554.
Package rerunfilecheck Info: File `main.out' has not changed.
(rerunfilecheck)             Checksum: B914F8C18EDD0B122E72585932D61F8B;2007.
Package atveryend Info: Empty hook `AtVeryVeryEnd' on input line 554.
 ) 
Here is how much of TeX's memory you used:
 8731 strings out of 480765
 144426 string characters out of 2894188
 431805 words of memory out of 3000000
 24455 multiletter control sequences out of 15000+200000
 541657 words of font info for 60 fonts, out of 3000000 for 9000
 1141 hyphenation exceptions out of 8191
 41i,16n,48p,1140b,478s stack positions out of 5000i,500n,10000p,200000b,50000s
 <C:\Users\lunca\AppData\Local\MiKTeX\2.9\fonts/pk/ljfour/jknappen/ec/dpi600\
tcrm1000.pk><C:/Users/lunca/AppData/Local/Programs/MiKTeX 2.9/fonts/type1/publi
c/amsfonts/cm/cmbx10.pfb><C:/Users/lunca/AppData/Local/Programs/MiKTeX 2.9/font
s/type1/public/amsfonts/cm/cmbx12.pfb><C:/Users/lunca/AppData/Local/Programs/Mi
KTeX 2.9/fonts/type1/public/amsfonts/cm/cmbx9.pfb><C:/Users/lunca/AppData/Local
/Programs/MiKTeX 2.9/fonts/type1/public/amsfonts/cm/cmex10.pfb><C:/Users/lunca/
AppData/Local/Programs/MiKTeX 2.9/fonts/type1/public/amsfonts/cm/cmmi10.pfb><C:
/Users/lunca/AppData/Local/Programs/MiKTeX 2.9/fonts/type1/public/amsfonts/cm/c
mmi7.pfb><C:/Users/lunca/AppData/Local/Programs/MiKTeX 2.9/fonts/type1/public/a
msfonts/cm/cmr10.pfb><C:/Users/lunca/AppData/Local/Programs/MiKTeX 2.9/fonts/ty
pe1/public/amsfonts/cm/cmr12.pfb><C:/Users/lunca/AppData/Local/Programs/MiKTeX 
2.9/fonts/type1/public/amsfonts/cm/cmr17.pfb><C:/Users/lunca/AppData/Local/Prog
rams/MiKTeX 2.9/fonts/type1/public/amsfonts/cm/cmr6.pfb><C:/Users/lunca/AppData
/Local/Programs/MiKTeX 2.9/fonts/type1/public/amsfonts/cm/cmr7.pfb><C:/Users/lu
nca/AppData/Local/Programs/MiKTeX 2.9/fonts/type1/public/amsfonts/cm/cmr9.pfb><
C:/Users/lunca/AppData/Local/Programs/MiKTeX 2.9/fonts/type1/public/amsfonts/cm
/cmsy10.pfb><C:/Users/lunca/AppData/Local/Programs/MiKTeX 2.9/fonts/type1/publi
c/amsfonts/cm/cmsy7.pfb><C:/Users/lunca/AppData/Local/Programs/MiKTeX 2.9/fonts
/type1/public/amsfonts/cm/cmti10.pfb><C:/Users/lunca/AppData/Local/Programs/MiK
TeX 2.9/fonts/type1/public/amsfonts/cm/cmtt10.pfb><C:/Users/lunca/AppData/Local
/Programs/MiKTeX 2.9/fonts/type1/public/amsfonts/symbols/msbm10.pfb>
Output written on main.pdf (21 pages, 19984262 bytes).
PDF statistics:
 38721 PDF objects out of 45951 (max. 8388607)
 113 named destinations out of 1000 (max. 500000)
 416 words of extra memory for PDF output out of 10000 (max. 10000000)

