\BOOKMARK [1][-]{section.1}{Introduction}{}% 1
\BOOKMARK [1][-]{section.2}{Methods}{}% 2
\BOOKMARK [2][-]{subsection.2.1}{Number representation}{section.2}% 3
\BOOKMARK [2][-]{subsection.2.2}{Algorithms}{section.2}% 4
\BOOKMARK [3][-]{subsubsection.2.2.1}{Hill Climbing}{subsection.2.2}% 5
\BOOKMARK [3][-]{subsubsection.2.2.2}{Genetic algorithm}{subsection.2.2}% 6
\BOOKMARK [3][-]{subsubsection.2.2.3}{Hybrid Hill Climbing}{subsection.2.2}% 7
\BOOKMARK [2][-]{subsection.2.3}{Testing function}{section.2}% 8
\BOOKMARK [3][-]{subsubsection.2.3.1}{Griewangk function}{subsection.2.3}% 9
\BOOKMARK [3][-]{subsubsection.2.3.2}{Rastrigin function}{subsection.2.3}% 10
\BOOKMARK [3][-]{subsubsection.2.3.3}{Rosenbrock function}{subsection.2.3}% 11
\BOOKMARK [3][-]{subsubsection.2.3.4}{Six-hump Camelback}{subsection.2.3}% 12
\BOOKMARK [1][-]{section.3}{Experiments}{}% 13
\BOOKMARK [1][-]{section.4}{Results}{}% 14
\BOOKMARK [2][-]{subsection.4.1}{Griewangk}{section.4}% 15
\BOOKMARK [3][-]{subsubsection.4.1.1}{Genetic Algorithm}{subsection.4.1}% 16
\BOOKMARK [3][-]{subsubsection.4.1.2}{Hill Climbing}{subsection.4.1}% 17
\BOOKMARK [3][-]{subsubsection.4.1.3}{Hybrid}{subsection.4.1}% 18
\BOOKMARK [3][-]{subsubsection.4.1.4}{Interpretation}{subsection.4.1}% 19
\BOOKMARK [2][-]{subsection.4.2}{Rastrigin}{section.4}% 20
\BOOKMARK [3][-]{subsubsection.4.2.1}{Genetic Algorithm}{subsection.4.2}% 21
\BOOKMARK [3][-]{subsubsection.4.2.2}{Hill Climbing}{subsection.4.2}% 22
\BOOKMARK [3][-]{subsubsection.4.2.3}{Hybrid}{subsection.4.2}% 23
\BOOKMARK [3][-]{subsubsection.4.2.4}{Interpretation}{subsection.4.2}% 24
\BOOKMARK [2][-]{subsection.4.3}{Rosenbrock}{section.4}% 25
\BOOKMARK [3][-]{subsubsection.4.3.1}{Genetic Algorithm}{subsection.4.3}% 26
\BOOKMARK [3][-]{subsubsection.4.3.2}{Hill Climbing}{subsection.4.3}% 27
\BOOKMARK [3][-]{subsubsection.4.3.3}{Hybrid}{subsection.4.3}% 28
\BOOKMARK [3][-]{subsubsection.4.3.4}{Interpretation}{subsection.4.3}% 29
\BOOKMARK [1][-]{section.5}{Conclusions}{}% 30
