\BOOKMARK [1][-]{section.1}{Introduction}{}% 1
\BOOKMARK [2][-]{subsection.1.1}{Motivation}{section.1}% 2
\BOOKMARK [1][-]{section.2}{Method}{}% 3
\BOOKMARK [1][-]{section.3}{Experiments}{}% 4
\BOOKMARK [1][-]{section.4}{Results}{}% 5
\BOOKMARK [2][-]{subsection.4.1}{Griewangk}{section.4}% 6
\BOOKMARK [3][-]{subsubsection.4.1.1}{Genetic Algorithm}{subsection.4.1}% 7
\BOOKMARK [3][-]{subsubsection.4.1.2}{Hill Climbing}{subsection.4.1}% 8
\BOOKMARK [3][-]{subsubsection.4.1.3}{Hybrid}{subsection.4.1}% 9
\BOOKMARK [3][-]{subsubsection.4.1.4}{Interpretation}{subsection.4.1}% 10
\BOOKMARK [2][-]{subsection.4.2}{Rastrigin}{section.4}% 11
\BOOKMARK [3][-]{subsubsection.4.2.1}{Genetic Algorithm}{subsection.4.2}% 12
\BOOKMARK [3][-]{subsubsection.4.2.2}{Hill Climbing}{subsection.4.2}% 13
\BOOKMARK [3][-]{subsubsection.4.2.3}{Hybrid}{subsection.4.2}% 14
\BOOKMARK [3][-]{subsubsection.4.2.4}{Interpretation}{subsection.4.2}% 15
\BOOKMARK [2][-]{subsection.4.3}{Rosenbrock}{section.4}% 16
\BOOKMARK [3][-]{subsubsection.4.3.1}{Genetic Algorithm}{subsection.4.3}% 17
\BOOKMARK [3][-]{subsubsection.4.3.2}{Hill Climbing}{subsection.4.3}% 18
\BOOKMARK [3][-]{subsubsection.4.3.3}{Hybrid}{subsection.4.3}% 19
\BOOKMARK [3][-]{subsubsection.4.3.4}{Interpretation}{subsection.4.3}% 20
\BOOKMARK [1][-]{section.5}{Conclusions}{}% 21
