This is pdfTeX, Version 3.14159265-2.6-1.40.20 (MiKTeX 2.9.7200 64-bit) (preloaded format=pdflatex 2019.10.13)  28 APR 2020 00:07
entering extended mode
**./GA_texample.tex
(GA_texample.tex
LaTeX2e <2019-10-01>
("C:\Users\lunca\AppData\Local\Programs\MiKTeX 2.9\tex/latex/base\article.cls"
Document Class: article 2019/08/27 v1.4j Standard LaTeX document class
("C:\Users\lunca\AppData\Local\Programs\MiKTeX 2.9\tex/latex/base\size10.clo"
File: size10.clo 2019/08/27 v1.4j Standard LaTeX file (size option)
)
\c@part=\count80
\c@section=\count81
\c@subsection=\count82
\c@subsubsection=\count83
\c@paragraph=\count84
\c@subparagraph=\count85
\c@figure=\count86
\c@table=\count87
\abovecaptionskip=\skip41
\belowcaptionskip=\skip42
\bibindent=\dimen102
)
("C:\Users\lunca\AppData\Local\Programs\MiKTeX 2.9\tex/latex/graphics\graphicx.
sty"
Package: graphicx 2017/06/01 v1.1a Enhanced LaTeX Graphics (DPC,SPQR)

("C:\Users\lunca\AppData\Local\Programs\MiKTeX 2.9\tex/latex/graphics\keyval.st
y"
Package: keyval 2014/10/28 v1.15 key=value parser (DPC)
\KV@toks@=\toks14
)
("C:\Users\lunca\AppData\Local\Programs\MiKTeX 2.9\tex/latex/graphics\graphics.
sty"
Package: graphics 2019/07/20 v1.3b Standard LaTeX Graphics (DPC,SPQR)

("C:\Users\lunca\AppData\Local\Programs\MiKTeX 2.9\tex/latex/graphics\trig.sty"
Package: trig 2016/01/03 v1.10 sin cos tan (DPC)
)
("C:\Users\lunca\AppData\Local\Programs\MiKTeX 2.9\tex/latex/graphics-cfg\graph
ics.cfg"
File: graphics.cfg 2016/06/04 v1.11 sample graphics configuration
)
Package graphics Info: Driver file: pdftex.def on input line 105.

("C:\Users\lunca\AppData\Local\Programs\MiKTeX 2.9\tex/latex/graphics-def\pdfte
x.def"
File: pdftex.def 2018/01/08 v1.0l Graphics/color driver for pdftex
))
\Gin@req@height=\dimen103
\Gin@req@width=\dimen104
)
("C:\Users\lunca\AppData\Local\Programs\MiKTeX 2.9\tex/latex/hyperref\hyperref.
sty"
Package: hyperref 2019/09/28 v7.00a Hypertext links for LaTeX

("C:\Users\lunca\AppData\Local\Programs\MiKTeX 2.9\tex/generic/oberdiek\hobsub-
hyperref.sty"
Package: hobsub-hyperref 2016/05/16 v1.14 Bundle oberdiek, subset hyperref (HO)


("C:\Users\lunca\AppData\Local\Programs\MiKTeX 2.9\tex/generic/oberdiek\hobsub-
generic.sty"
Package: hobsub-generic 2016/05/16 v1.14 Bundle oberdiek, subset generic (HO)
Package: hobsub 2016/05/16 v1.14 Construct package bundles (HO)
Package: infwarerr 2016/05/16 v1.4 Providing info/warning/error messages (HO)
Package: ltxcmds 2016/05/16 v1.23 LaTeX kernel commands for general use (HO)
Package: ifluatex 2016/05/16 v1.4 Provides the ifluatex switch (HO)
Package ifluatex Info: LuaTeX not detected.
Package: ifvtex 2016/05/16 v1.6 Detect VTeX and its facilities (HO)
Package ifvtex Info: VTeX not detected.
Package: intcalc 2016/05/16 v1.2 Expandable calculations with integers (HO)
Package: ifpdf 2018/09/07 v3.3 Provides the ifpdf switch
Package: etexcmds 2016/05/16 v1.6 Avoid name clashes with e-TeX commands (HO)
Package: kvsetkeys 2016/05/16 v1.17 Key value parser (HO)
Package: kvdefinekeys 2016/05/16 v1.4 Define keys (HO)
Package: pdftexcmds 2019/07/25 v0.30 Utility functions of pdfTeX for LuaTeX (HO
)
Package pdftexcmds Info: LuaTeX not detected.
Package pdftexcmds Info: \pdf@primitive is available.
Package pdftexcmds Info: \pdf@ifprimitive is available.
Package pdftexcmds Info: \pdfdraftmode found.
Package: pdfescape 2016/05/16 v1.14 Implements pdfTeX's escape features (HO)
Package: bigintcalc 2016/05/16 v1.4 Expandable calculations on big integers (HO
)
Package: bitset 2016/05/16 v1.2 Handle bit-vector datatype (HO)
Package: uniquecounter 2016/05/16 v1.3 Provide unlimited unique counter (HO)
)
Package hobsub Info: Skipping package `hobsub' (already loaded).
Package: letltxmacro 2016/05/16 v1.5 Let assignment for LaTeX macros (HO)
Package: hopatch 2016/05/16 v1.3 Wrapper for package hooks (HO)
Package: xcolor-patch 2016/05/16 xcolor patch
Package: atveryend 2016/05/16 v1.9 Hooks at the very end of document (HO)
Package atveryend Info: \enddocument detected (standard20110627).
Package: atbegshi 2016/06/09 v1.18 At begin shipout hook (HO)
Package: refcount 2016/05/16 v3.5 Data extraction from label references (HO)
Package: hycolor 2016/05/16 v1.8 Color options for hyperref/bookmark (HO)
)
("C:\Users\lunca\AppData\Local\Programs\MiKTeX 2.9\tex/generic/ifxetex\ifxetex.
sty"
Package: ifxetex 2010/09/12 v0.6 Provides ifxetex conditional
)
("C:\Users\lunca\AppData\Local\Programs\MiKTeX 2.9\tex/latex/oberdiek\auxhook.s
ty"
Package: auxhook 2016/05/16 v1.4 Hooks for auxiliary files (HO)
)
("C:\Users\lunca\AppData\Local\Programs\MiKTeX 2.9\tex/latex/oberdiek\kvoptions
.sty"
Package: kvoptions 2016/05/16 v3.12 Key value format for package options (HO)
)
\@linkdim=\dimen105
\Hy@linkcounter=\count88
\Hy@pagecounter=\count89

("C:\Users\lunca\AppData\Local\Programs\MiKTeX 2.9\tex/latex/hyperref\pd1enc.de
f"
File: pd1enc.def 2019/09/28 v7.00a Hyperref: PDFDocEncoding definition (HO)
Now handling font encoding PD1 ...
... no UTF-8 mapping file for font encoding PD1
)
\Hy@SavedSpaceFactor=\count90

("C:\Users\lunca\AppData\Local\Programs\MiKTeX 2.9\tex/latex/00miktex\hyperref.
cfg"
File: hyperref.cfg 2002/06/06 v1.2 hyperref configuration of TeXLive
)
Package hyperref Info: Hyper figures OFF on input line 4540.
Package hyperref Info: Link nesting OFF on input line 4545.
Package hyperref Info: Hyper index ON on input line 4548.
Package hyperref Info: Plain pages OFF on input line 4555.
Package hyperref Info: Backreferencing OFF on input line 4560.
Package hyperref Info: Implicit mode ON; LaTeX internals redefined.
Package hyperref Info: Bookmarks ON on input line 4793.
\c@Hy@tempcnt=\count91
 ("C:\Users\lunca\AppData\Local\Programs\MiKTeX 2.9\tex/latex/url\url.sty"
\Urlmuskip=\muskip10
Package: url 2013/09/16  ver 3.4  Verb mode for urls, etc.
)
LaTeX Info: Redefining \url on input line 5152.
\XeTeXLinkMargin=\dimen106
\Fld@menulength=\count92
\Field@Width=\dimen107
\Fld@charsize=\dimen108
Package hyperref Info: Hyper figures OFF on input line 6423.
Package hyperref Info: Link nesting OFF on input line 6428.
Package hyperref Info: Hyper index ON on input line 6431.
Package hyperref Info: backreferencing OFF on input line 6438.
Package hyperref Info: Link coloring OFF on input line 6443.
Package hyperref Info: Link coloring with OCG OFF on input line 6448.
Package hyperref Info: PDF/A mode OFF on input line 6453.
LaTeX Info: Redefining \ref on input line 6493.
LaTeX Info: Redefining \pageref on input line 6497.
\Hy@abspage=\count93
\c@Item=\count94
\c@Hfootnote=\count95
)
Package hyperref Info: Driver (autodetected): hpdftex.

("C:\Users\lunca\AppData\Local\Programs\MiKTeX 2.9\tex/latex/hyperref\hpdftex.d
ef"
File: hpdftex.def 2019/09/28 v7.00a Hyperref driver for pdfTeX
\Fld@listcount=\count96
\c@bookmark@seq@number=\count97

("C:\Users\lunca\AppData\Local\Programs\MiKTeX 2.9\tex/latex/oberdiek\rerunfile
check.sty"
Package: rerunfilecheck 2016/05/16 v1.8 Rerun checks for auxiliary files (HO)
Package uniquecounter Info: New unique counter `rerunfilecheck' on input line 2
82.
)
\Hy@SectionHShift=\skip43
)
("C:\Users\lunca\AppData\Local\Programs\MiKTeX 2.9\tex/latex/pgf/frontendlayer\
tikz.sty"
("C:\Users\lunca\AppData\Local\Programs\MiKTeX 2.9\tex/latex/pgf/basiclayer\pgf
.sty"
("C:\Users\lunca\AppData\Local\Programs\MiKTeX 2.9\tex/latex/pgf/utilities\pgfr
cs.sty"
("C:\Users\lunca\AppData\Local\Programs\MiKTeX 2.9\tex/generic/pgf/utilities\pg
futil-common.tex"
\pgfutil@everybye=\toks15
\pgfutil@tempdima=\dimen109
\pgfutil@tempdimb=\dimen110

("C:\Users\lunca\AppData\Local\Programs\MiKTeX 2.9\tex/generic/pgf/utilities\pg
futil-common-lists.tex"))
("C:\Users\lunca\AppData\Local\Programs\MiKTeX 2.9\tex/generic/pgf/utilities\pg
futil-latex.def"
\pgfutil@abb=\box27

("C:\Users\lunca\AppData\Local\Programs\MiKTeX 2.9\tex/latex/ms\everyshi.sty"
Package: everyshi 2001/05/15 v3.00 EveryShipout Package (MS)
))
("C:\Users\lunca\AppData\Local\Programs\MiKTeX 2.9\tex/generic/pgf/utilities\pg
frcs.code.tex"
("C:\Users\lunca\AppData\Local\Programs\MiKTeX 2.9\tex/generic/pgf\pgf.revision
.tex")
Package: pgfrcs 2020/01/08 v3.1.5b (3.1.5b)
))
Package: pgf 2020/01/08 v3.1.5b (3.1.5b)

("C:\Users\lunca\AppData\Local\Programs\MiKTeX 2.9\tex/latex/pgf/basiclayer\pgf
core.sty"
("C:\Users\lunca\AppData\Local\Programs\MiKTeX 2.9\tex/latex/pgf/systemlayer\pg
fsys.sty"
("C:\Users\lunca\AppData\Local\Programs\MiKTeX 2.9\tex/generic/pgf/systemlayer\
pgfsys.code.tex"
Package: pgfsys 2020/01/08 v3.1.5b (3.1.5b)

("C:\Users\lunca\AppData\Local\Programs\MiKTeX 2.9\tex/generic/pgf/utilities\pg
fkeys.code.tex"
\pgfkeys@pathtoks=\toks16
\pgfkeys@temptoks=\toks17

("C:\Users\lunca\AppData\Local\Programs\MiKTeX 2.9\tex/generic/pgf/utilities\pg
fkeysfiltered.code.tex"
\pgfkeys@tmptoks=\toks18
))
\pgf@x=\dimen111
\pgf@y=\dimen112
\pgf@xa=\dimen113
\pgf@ya=\dimen114
\pgf@xb=\dimen115
\pgf@yb=\dimen116
\pgf@xc=\dimen117
\pgf@yc=\dimen118
\pgf@xd=\dimen119
\pgf@yd=\dimen120
\w@pgf@writea=\write3
\r@pgf@reada=\read1
\c@pgf@counta=\count98
\c@pgf@countb=\count99
\c@pgf@countc=\count100
\c@pgf@countd=\count101
\t@pgf@toka=\toks19
\t@pgf@tokb=\toks20
\t@pgf@tokc=\toks21
\pgf@sys@id@count=\count102

("C:\Users\lunca\AppData\Local\Programs\MiKTeX 2.9\tex/generic/pgf/systemlayer\
pgf.cfg"
File: pgf.cfg 2020/01/08 v3.1.5b (3.1.5b)
)
Driver file for pgf: pgfsys-pdftex.def

("C:\Users\lunca\AppData\Local\Programs\MiKTeX 2.9\tex/generic/pgf/systemlayer\
pgfsys-pdftex.def"
File: pgfsys-pdftex.def 2020/01/08 v3.1.5b (3.1.5b)

("C:\Users\lunca\AppData\Local\Programs\MiKTeX 2.9\tex/generic/pgf/systemlayer\
pgfsys-common-pdf.def"
File: pgfsys-common-pdf.def 2020/01/08 v3.1.5b (3.1.5b)
)))
("C:\Users\lunca\AppData\Local\Programs\MiKTeX 2.9\tex/generic/pgf/systemlayer\
pgfsyssoftpath.code.tex"
File: pgfsyssoftpath.code.tex 2020/01/08 v3.1.5b (3.1.5b)
\pgfsyssoftpath@smallbuffer@items=\count103
\pgfsyssoftpath@bigbuffer@items=\count104
)
("C:\Users\lunca\AppData\Local\Programs\MiKTeX 2.9\tex/generic/pgf/systemlayer\
pgfsysprotocol.code.tex"
File: pgfsysprotocol.code.tex 2020/01/08 v3.1.5b (3.1.5b)
))
("C:\Users\lunca\AppData\Local\Programs\MiKTeX 2.9\tex/latex/xcolor\xcolor.sty"
Package: xcolor 2016/05/11 v2.12 LaTeX color extensions (UK)

("C:\Users\lunca\AppData\Local\Programs\MiKTeX 2.9\tex/latex/graphics-cfg\color
.cfg"
File: color.cfg 2016/01/02 v1.6 sample color configuration
)
Package xcolor Info: Driver file: pdftex.def on input line 225.
Package xcolor Info: Model `cmy' substituted by `cmy0' on input line 1348.
Package xcolor Info: Model `hsb' substituted by `rgb' on input line 1352.
Package xcolor Info: Model `RGB' extended on input line 1364.
Package xcolor Info: Model `HTML' substituted by `rgb' on input line 1366.
Package xcolor Info: Model `Hsb' substituted by `hsb' on input line 1367.
Package xcolor Info: Model `tHsb' substituted by `hsb' on input line 1368.
Package xcolor Info: Model `HSB' substituted by `hsb' on input line 1369.
Package xcolor Info: Model `Gray' substituted by `gray' on input line 1370.
Package xcolor Info: Model `wave' substituted by `hsb' on input line 1371.
)
("C:\Users\lunca\AppData\Local\Programs\MiKTeX 2.9\tex/generic/pgf/basiclayer\p
gfcore.code.tex"
Package: pgfcore 2020/01/08 v3.1.5b (3.1.5b)

("C:\Users\lunca\AppData\Local\Programs\MiKTeX 2.9\tex/generic/pgf/math\pgfmath
.code.tex"
("C:\Users\lunca\AppData\Local\Programs\MiKTeX 2.9\tex/generic/pgf/math\pgfmath
calc.code.tex"
("C:\Users\lunca\AppData\Local\Programs\MiKTeX 2.9\tex/generic/pgf/math\pgfmath
util.code.tex")
("C:\Users\lunca\AppData\Local\Programs\MiKTeX 2.9\tex/generic/pgf/math\pgfmath
parser.code.tex"
\pgfmath@dimen=\dimen121
\pgfmath@count=\count105
\pgfmath@box=\box28
\pgfmath@toks=\toks22
\pgfmath@stack@operand=\toks23
\pgfmath@stack@operation=\toks24
)
("C:\Users\lunca\AppData\Local\Programs\MiKTeX 2.9\tex/generic/pgf/math\pgfmath
functions.code.tex"
("C:\Users\lunca\AppData\Local\Programs\MiKTeX 2.9\tex/generic/pgf/math\pgfmath
functions.basic.code.tex")
("C:\Users\lunca\AppData\Local\Programs\MiKTeX 2.9\tex/generic/pgf/math\pgfmath
functions.trigonometric.code.tex")
("C:\Users\lunca\AppData\Local\Programs\MiKTeX 2.9\tex/generic/pgf/math\pgfmath
functions.random.code.tex")
("C:\Users\lunca\AppData\Local\Programs\MiKTeX 2.9\tex/generic/pgf/math\pgfmath
functions.comparison.code.tex")
("C:\Users\lunca\AppData\Local\Programs\MiKTeX 2.9\tex/generic/pgf/math\pgfmath
functions.base.code.tex")
("C:\Users\lunca\AppData\Local\Programs\MiKTeX 2.9\tex/generic/pgf/math\pgfmath
functions.round.code.tex")
("C:\Users\lunca\AppData\Local\Programs\MiKTeX 2.9\tex/generic/pgf/math\pgfmath
functions.misc.code.tex")
("C:\Users\lunca\AppData\Local\Programs\MiKTeX 2.9\tex/generic/pgf/math\pgfmath
functions.integerarithmetics.code.tex")))
("C:\Users\lunca\AppData\Local\Programs\MiKTeX 2.9\tex/generic/pgf/math\pgfmath
float.code.tex"
\c@pgfmathroundto@lastzeros=\count106
))
("C:\Users\lunca\AppData\Local\Programs\MiKTeX 2.9\tex/generic/pgf/math\pgfint.
code.tex")
("C:\Users\lunca\AppData\Local\Programs\MiKTeX 2.9\tex/generic/pgf/basiclayer\p
gfcorepoints.code.tex"
File: pgfcorepoints.code.tex 2020/01/08 v3.1.5b (3.1.5b)
\pgf@picminx=\dimen122
\pgf@picmaxx=\dimen123
\pgf@picminy=\dimen124
\pgf@picmaxy=\dimen125
\pgf@pathminx=\dimen126
\pgf@pathmaxx=\dimen127
\pgf@pathminy=\dimen128
\pgf@pathmaxy=\dimen129
\pgf@xx=\dimen130
\pgf@xy=\dimen131
\pgf@yx=\dimen132
\pgf@yy=\dimen133
\pgf@zx=\dimen134
\pgf@zy=\dimen135
)
("C:\Users\lunca\AppData\Local\Programs\MiKTeX 2.9\tex/generic/pgf/basiclayer\p
gfcorepathconstruct.code.tex"
File: pgfcorepathconstruct.code.tex 2020/01/08 v3.1.5b (3.1.5b)
\pgf@path@lastx=\dimen136
\pgf@path@lasty=\dimen137
)
("C:\Users\lunca\AppData\Local\Programs\MiKTeX 2.9\tex/generic/pgf/basiclayer\p
gfcorepathusage.code.tex"
File: pgfcorepathusage.code.tex 2020/01/08 v3.1.5b (3.1.5b)
\pgf@shorten@end@additional=\dimen138
\pgf@shorten@start@additional=\dimen139
)
("C:\Users\lunca\AppData\Local\Programs\MiKTeX 2.9\tex/generic/pgf/basiclayer\p
gfcorescopes.code.tex"
File: pgfcorescopes.code.tex 2020/01/08 v3.1.5b (3.1.5b)
\pgfpic=\box29
\pgf@hbox=\box30
\pgf@layerbox@main=\box31
\pgf@picture@serial@count=\count107
)
("C:\Users\lunca\AppData\Local\Programs\MiKTeX 2.9\tex/generic/pgf/basiclayer\p
gfcoregraphicstate.code.tex"
File: pgfcoregraphicstate.code.tex 2020/01/08 v3.1.5b (3.1.5b)
\pgflinewidth=\dimen140
)
("C:\Users\lunca\AppData\Local\Programs\MiKTeX 2.9\tex/generic/pgf/basiclayer\p
gfcoretransformations.code.tex"
File: pgfcoretransformations.code.tex 2020/01/08 v3.1.5b (3.1.5b)
\pgf@pt@x=\dimen141
\pgf@pt@y=\dimen142
\pgf@pt@temp=\dimen143
)
("C:\Users\lunca\AppData\Local\Programs\MiKTeX 2.9\tex/generic/pgf/basiclayer\p
gfcorequick.code.tex"
File: pgfcorequick.code.tex 2020/01/08 v3.1.5b (3.1.5b)
)
("C:\Users\lunca\AppData\Local\Programs\MiKTeX 2.9\tex/generic/pgf/basiclayer\p
gfcoreobjects.code.tex"
File: pgfcoreobjects.code.tex 2020/01/08 v3.1.5b (3.1.5b)
)
("C:\Users\lunca\AppData\Local\Programs\MiKTeX 2.9\tex/generic/pgf/basiclayer\p
gfcorepathprocessing.code.tex"
File: pgfcorepathprocessing.code.tex 2020/01/08 v3.1.5b (3.1.5b)
)
("C:\Users\lunca\AppData\Local\Programs\MiKTeX 2.9\tex/generic/pgf/basiclayer\p
gfcorearrows.code.tex"
File: pgfcorearrows.code.tex 2020/01/08 v3.1.5b (3.1.5b)
\pgfarrowsep=\dimen144
)
("C:\Users\lunca\AppData\Local\Programs\MiKTeX 2.9\tex/generic/pgf/basiclayer\p
gfcoreshade.code.tex"
File: pgfcoreshade.code.tex 2020/01/08 v3.1.5b (3.1.5b)
\pgf@max=\dimen145
\pgf@sys@shading@range@num=\count108
\pgf@shadingcount=\count109
)
("C:\Users\lunca\AppData\Local\Programs\MiKTeX 2.9\tex/generic/pgf/basiclayer\p
gfcoreimage.code.tex"
File: pgfcoreimage.code.tex 2020/01/08 v3.1.5b (3.1.5b)

("C:\Users\lunca\AppData\Local\Programs\MiKTeX 2.9\tex/generic/pgf/basiclayer\p
gfcoreexternal.code.tex"
File: pgfcoreexternal.code.tex 2020/01/08 v3.1.5b (3.1.5b)
\pgfexternal@startupbox=\box32
))
("C:\Users\lunca\AppData\Local\Programs\MiKTeX 2.9\tex/generic/pgf/basiclayer\p
gfcorelayers.code.tex"
File: pgfcorelayers.code.tex 2020/01/08 v3.1.5b (3.1.5b)
)
("C:\Users\lunca\AppData\Local\Programs\MiKTeX 2.9\tex/generic/pgf/basiclayer\p
gfcoretransparency.code.tex"
File: pgfcoretransparency.code.tex 2020/01/08 v3.1.5b (3.1.5b)
)
("C:\Users\lunca\AppData\Local\Programs\MiKTeX 2.9\tex/generic/pgf/basiclayer\p
gfcorepatterns.code.tex"
File: pgfcorepatterns.code.tex 2020/01/08 v3.1.5b (3.1.5b)
)
("C:\Users\lunca\AppData\Local\Programs\MiKTeX 2.9\tex/generic/pgf/basiclayer\p
gfcorerdf.code.tex"
File: pgfcorerdf.code.tex 2020/01/08 v3.1.5b (3.1.5b)
)))
("C:\Users\lunca\AppData\Local\Programs\MiKTeX 2.9\tex/generic/pgf/modules\pgfm
oduleshapes.code.tex"
File: pgfmoduleshapes.code.tex 2020/01/08 v3.1.5b (3.1.5b)
\pgfnodeparttextbox=\box33
)
("C:\Users\lunca\AppData\Local\Programs\MiKTeX 2.9\tex/generic/pgf/modules\pgfm
oduleplot.code.tex"
File: pgfmoduleplot.code.tex 2020/01/08 v3.1.5b (3.1.5b)
)
("C:\Users\lunca\AppData\Local\Programs\MiKTeX 2.9\tex/latex/pgf/compatibility\
pgfcomp-version-0-65.sty"
Package: pgfcomp-version-0-65 2020/01/08 v3.1.5b (3.1.5b)
\pgf@nodesepstart=\dimen146
\pgf@nodesepend=\dimen147
)
("C:\Users\lunca\AppData\Local\Programs\MiKTeX 2.9\tex/latex/pgf/compatibility\
pgfcomp-version-1-18.sty"
Package: pgfcomp-version-1-18 2020/01/08 v3.1.5b (3.1.5b)
))
("C:\Users\lunca\AppData\Local\Programs\MiKTeX 2.9\tex/latex/pgf/utilities\pgff
or.sty"
("C:\Users\lunca\AppData\Local\Programs\MiKTeX 2.9\tex/latex/pgf/utilities\pgfk
eys.sty"
("C:\Users\lunca\AppData\Local\Programs\MiKTeX 2.9\tex/generic/pgf/utilities\pg
fkeys.code.tex"))
("C:\Users\lunca\AppData\Local\Programs\MiKTeX 2.9\tex/latex/pgf/math\pgfmath.s
ty"
("C:\Users\lunca\AppData\Local\Programs\MiKTeX 2.9\tex/generic/pgf/math\pgfmath
.code.tex"))
("C:\Users\lunca\AppData\Local\Programs\MiKTeX 2.9\tex/generic/pgf/utilities\pg
ffor.code.tex"
Package: pgffor 2020/01/08 v3.1.5b (3.1.5b)

("C:\Users\lunca\AppData\Local\Programs\MiKTeX 2.9\tex/generic/pgf/math\pgfmath
.code.tex")
\pgffor@iter=\dimen148
\pgffor@skip=\dimen149
\pgffor@stack=\toks25
\pgffor@toks=\toks26
))
("C:\Users\lunca\AppData\Local\Programs\MiKTeX 2.9\tex/generic/pgf/frontendlaye
r/tikz\tikz.code.tex"
Package: tikz 2020/01/08 v3.1.5b (3.1.5b)

("C:\Users\lunca\AppData\Local\Programs\MiKTeX 2.9\tex/generic/pgf/libraries\pg
flibraryplothandlers.code.tex"
File: pgflibraryplothandlers.code.tex 2020/01/08 v3.1.5b (3.1.5b)
\pgf@plot@mark@count=\count110
\pgfplotmarksize=\dimen150
)
\tikz@lastx=\dimen151
\tikz@lasty=\dimen152
\tikz@lastxsaved=\dimen153
\tikz@lastysaved=\dimen154
\tikz@lastmovetox=\dimen155
\tikz@lastmovetoy=\dimen156
\tikzleveldistance=\dimen157
\tikzsiblingdistance=\dimen158
\tikz@figbox=\box34
\tikz@figbox@bg=\box35
\tikz@tempbox=\box36
\tikz@tempbox@bg=\box37
\tikztreelevel=\count111
\tikznumberofchildren=\count112
\tikznumberofcurrentchild=\count113
\tikz@fig@count=\count114

("C:\Users\lunca\AppData\Local\Programs\MiKTeX 2.9\tex/generic/pgf/modules\pgfm
odulematrix.code.tex"
File: pgfmodulematrix.code.tex 2020/01/08 v3.1.5b (3.1.5b)
\pgfmatrixcurrentrow=\count115
\pgfmatrixcurrentcolumn=\count116
\pgf@matrix@numberofcolumns=\count117
)
\tikz@expandcount=\count118

("C:\Users\lunca\AppData\Local\Programs\MiKTeX 2.9\tex/generic/pgf/frontendlaye
r/tikz/libraries\tikzlibrarytopaths.code.tex"
File: tikzlibrarytopaths.code.tex 2020/01/08 v3.1.5b (3.1.5b)
)))
("C:\Users\lunca\AppData\Local\Programs\MiKTeX 2.9\tex/latex/pgfplots\pgfplots.
sty"
("C:\Users\lunca\AppData\Local\Programs\MiKTeX 2.9\tex/generic/pgfplots\pgfplot
s.revision.tex")
Package: pgfplots 2020/02/29 v1.17 Data Visualization (1.17)

("C:\Users\lunca\AppData\Local\Programs\MiKTeX 2.9\tex/generic/pgfplots\pgfplot
s.code.tex"
("C:\Users\lunca\AppData\Local\Programs\MiKTeX 2.9\tex/generic/pgfplots\pgfplot
score.code.tex"
\t@pgfplots@toka=\toks27
\t@pgfplots@tokb=\toks28
\t@pgfplots@tokc=\toks29
\pgfplots@tmpa=\dimen159
\c@pgfplots@coordindex=\count119
\c@pgfplots@scanlineindex=\count120

("C:\Users\lunca\AppData\Local\Programs\MiKTeX 2.9\tex/generic/pgfplots/sys\pgf
plotssysgeneric.code.tex"))
("C:\Users\lunca\AppData\Local\Programs\MiKTeX 2.9\tex/generic/pgfplots/libs\pg
fplotslibrary.code.tex")
("C:\Users\lunca\AppData\Local\Programs\MiKTeX 2.9\tex/generic/pgfplots/oldpgfc
ompatib\pgfplotsoldpgfsupp_loader.code.tex"
("C:\Users\lunca\AppData\Local\Programs\MiKTeX 2.9\tex/generic/pgf/libraries\pg
flibraryfpu.code.tex"))
("C:\Users\lunca\AppData\Local\Programs\MiKTeX 2.9\tex/generic/pgfplots/util\pg
fplotsutil.code.tex"
("C:\Users\lunca\AppData\Local\Programs\MiKTeX 2.9\tex/generic/pgfplots/liststr
ucture\pgfplotsliststructure.code.tex")
("C:\Users\lunca\AppData\Local\Programs\MiKTeX 2.9\tex/generic/pgfplots/liststr
ucture\pgfplotsliststructureext.code.tex")
("C:\Users\lunca\AppData\Local\Programs\MiKTeX 2.9\tex/generic/pgfplots/liststr
ucture\pgfplotsarray.code.tex"
\c@pgfplotsarray@tmp=\count121
)
("C:\Users\lunca\AppData\Local\Programs\MiKTeX 2.9\tex/generic/pgfplots/liststr
ucture\pgfplotsmatrix.code.tex")
("C:\Users\lunca\AppData\Local\Programs\MiKTeX 2.9\tex/generic/pgfplots/numtabl
e\pgfplotstableshared.code.tex"
\c@pgfplotstable@counta=\count122
\t@pgfplotstable@a=\toks30
)
("C:\Users\lunca\AppData\Local\Programs\MiKTeX 2.9\tex/generic/pgfplots/liststr
ucture\pgfplotsdeque.code.tex")
("C:\Users\lunca\AppData\Local\Programs\MiKTeX 2.9\tex/generic/pgfplots/util\pg
fplotsbinary.code.tex"
("C:\Users\lunca\AppData\Local\Programs\MiKTeX 2.9\tex/generic/pgfplots/util\pg
fplotsbinary.data.code.tex"))
("C:\Users\lunca\AppData\Local\Programs\MiKTeX 2.9\tex/generic/pgfplots/util\pg
fplotsutil.verb.code.tex")
("C:\Users\lunca\AppData\Local\Programs\MiKTeX 2.9\tex/generic/pgfplots/libs\pg
flibrarypgfplots.surfshading.code.tex"
\c@pgfplotslibrarysurf@no=\count123

("C:\Users\lunca\AppData\Local\Programs\MiKTeX 2.9\tex/generic/pgfplots/sys\pgf
librarypgfplots.surfshading.pgfsys-pdftex.def")))
("C:\Users\lunca\AppData\Local\Programs\MiKTeX 2.9\tex/generic/pgfplots/util\pg
fplotscolormap.code.tex"
("C:\Users\lunca\AppData\Local\Programs\MiKTeX 2.9\tex/generic/pgfplots/util\pg
fplotscolor.code.tex"))
("C:\Users\lunca\AppData\Local\Programs\MiKTeX 2.9\tex/generic/pgfplots\pgfplot
sstackedplots.code.tex")
("C:\Users\lunca\AppData\Local\Programs\MiKTeX 2.9\tex/generic/pgfplots\pgfplot
splothandlers.code.tex"
("C:\Users\lunca\AppData\Local\Programs\MiKTeX 2.9\tex/generic/pgfplots\pgfplot
smeshplothandler.code.tex"
("C:\Users\lunca\AppData\Local\Programs\MiKTeX 2.9\tex/generic/pgfplots\pgfplot
smeshplotimage.code.tex")))
("C:\Users\lunca\AppData\Local\Programs\MiKTeX 2.9\tex/generic/pgfplots\pgfplot
s.scaling.code.tex")
("C:\Users\lunca\AppData\Local\Programs\MiKTeX 2.9\tex/generic/pgfplots\pgfplot
scoordprocessing.code.tex")
("C:\Users\lunca\AppData\Local\Programs\MiKTeX 2.9\tex/generic/pgfplots\pgfplot
s.errorbars.code.tex")
("C:\Users\lunca\AppData\Local\Programs\MiKTeX 2.9\tex/generic/pgfplots\pgfplot
s.markers.code.tex")
("C:\Users\lunca\AppData\Local\Programs\MiKTeX 2.9\tex/generic/pgfplots\pgfplot
sticks.code.tex")
("C:\Users\lunca\AppData\Local\Programs\MiKTeX 2.9\tex/generic/pgfplots\pgfplot
s.paths.code.tex")
("C:\Users\lunca\AppData\Local\Programs\MiKTeX 2.9\tex/generic/pgf/frontendlaye
r/tikz/libraries\tikzlibrarydecorations.code.tex"
("C:\Users\lunca\AppData\Local\Programs\MiKTeX 2.9\tex/generic/pgf/modules\pgfm
oduledecorations.code.tex"
\pgfdecoratedcompleteddistance=\dimen160
\pgfdecoratedremainingdistance=\dimen161
\pgfdecoratedinputsegmentcompleteddistance=\dimen162
\pgfdecoratedinputsegmentremainingdistance=\dimen163
\pgf@decorate@distancetomove=\dimen164
\pgf@decorate@repeatstate=\count124
\pgfdecorationsegmentamplitude=\dimen165
\pgfdecorationsegmentlength=\dimen166
)
\tikz@lib@dec@box=\box38
)
("C:\Users\lunca\AppData\Local\Programs\MiKTeX 2.9\tex/generic/pgf/frontendlaye
r/tikz/libraries\tikzlibrarydecorations.pathmorphing.code.tex"
("C:\Users\lunca\AppData\Local\Programs\MiKTeX 2.9\tex/generic/pgf/libraries/de
corations\pgflibrarydecorations.pathmorphing.code.tex"))
("C:\Users\lunca\AppData\Local\Programs\MiKTeX 2.9\tex/generic/pgf/frontendlaye
r/tikz/libraries\tikzlibrarydecorations.pathreplacing.code.tex"
("C:\Users\lunca\AppData\Local\Programs\MiKTeX 2.9\tex/generic/pgf/libraries/de
corations\pgflibrarydecorations.pathreplacing.code.tex"))
\pgfplots@numplots=\count125
\pgfplots@xmin@reg=\dimen167
\pgfplots@xmax@reg=\dimen168
\pgfplots@ymin@reg=\dimen169
\pgfplots@ymax@reg=\dimen170
\pgfplots@zmin@reg=\dimen171
\pgfplots@zmax@reg=\dimen172
)
("C:\Users\lunca\AppData\Local\Programs\MiKTeX 2.9\tex/generic/pgf/frontendlaye
r/tikz/libraries\tikzlibraryplotmarks.code.tex"
File: tikzlibraryplotmarks.code.tex 2020/01/08 v3.1.5b (3.1.5b)

("C:\Users\lunca\AppData\Local\Programs\MiKTeX 2.9\tex/generic/pgf/libraries\pg
flibraryplotmarks.code.tex"
File: pgflibraryplotmarks.code.tex 2020/01/08 v3.1.5b (3.1.5b)
)))
("C:\Users\lunca\AppData\Local\Programs\MiKTeX 2.9\tex/latex/placeins\placeins.
sty"
Package: placeins 2005/04/18  v 2.2
) (GA_texample.aux)
\openout1 = `GA_texample.aux'.

LaTeX Font Info:    Checking defaults for OML/cmm/m/it on input line 12.
LaTeX Font Info:    ... okay on input line 12.
LaTeX Font Info:    Checking defaults for T1/cmr/m/n on input line 12.
LaTeX Font Info:    ... okay on input line 12.
LaTeX Font Info:    Checking defaults for OT1/cmr/m/n on input line 12.
LaTeX Font Info:    ... okay on input line 12.
LaTeX Font Info:    Checking defaults for OMS/cmsy/m/n on input line 12.
LaTeX Font Info:    ... okay on input line 12.
LaTeX Font Info:    Checking defaults for OMX/cmex/m/n on input line 12.
LaTeX Font Info:    ... okay on input line 12.
LaTeX Font Info:    Checking defaults for U/cmr/m/n on input line 12.
LaTeX Font Info:    ... okay on input line 12.
LaTeX Font Info:    Checking defaults for PD1/pdf/m/n on input line 12.
LaTeX Font Info:    ... okay on input line 12.

("C:\Users\lunca\AppData\Local\Programs\MiKTeX 2.9\tex/context/base/mkii\supp-p
df.mkii"
[Loading MPS to PDF converter (version 2006.09.02).]
\scratchcounter=\count126
\scratchdimen=\dimen173
\scratchbox=\box39
\nofMPsegments=\count127
\nofMParguments=\count128
\everyMPshowfont=\toks31
\MPscratchCnt=\count129
\MPscratchDim=\dimen174
\MPnumerator=\count130
\makeMPintoPDFobject=\count131
\everyMPtoPDFconversion=\toks32
)
("C:\Users\lunca\AppData\Local\Programs\MiKTeX 2.9\tex/latex/oberdiek\epstopdf-
base.sty"
Package: epstopdf-base 2016/05/15 v2.6 Base part for package epstopdf

("C:\Users\lunca\AppData\Local\Programs\MiKTeX 2.9\tex/latex/oberdiek\grfext.st
y"
Package: grfext 2016/05/16 v1.2 Manage graphics extensions (HO)
)
Package epstopdf-base Info: Redefining graphics rule for `.eps' on input line 4
38.
Package grfext Info: Graphics extension search list:
(grfext)             [.pdf,.png,.jpg,.mps,.jpeg,.jbig2,.jb2,.PDF,.PNG,.JPG,.JPE
G,.JBIG2,.JB2,.eps]
(grfext)             \AppendGraphicsExtensions on input line 456.
)
\AtBeginShipoutBox=\box40
Package hyperref Info: Link coloring OFF on input line 12.

("C:\Users\lunca\AppData\Local\Programs\MiKTeX 2.9\tex/latex/hyperref\nameref.s
ty"
Package: nameref 2019/09/16 v2.46 Cross-referencing by name of section

("C:\Users\lunca\AppData\Local\Programs\MiKTeX 2.9\tex/generic/oberdiek\gettitl
estring.sty"
Package: gettitlestring 2016/05/16 v1.5 Cleanup title references (HO)
)
\c@section@level=\count132
)
LaTeX Info: Redefining \ref on input line 12.
LaTeX Info: Redefining \pageref on input line 12.
LaTeX Info: Redefining \nameref on input line 12.
 (GA_texample.out) (GA_texample.out)
\@outlinefile=\write4
\openout4 = `GA_texample.out'.


ABD: EveryShipout initializing macros

Package pgfplots Warning: running in backwards compatibility mode (unsuitable t
ick labels; missing features). Consider writing \pgfplotsset{compat=1.17} into 
your preamble.
 on input line 12.

LaTeX Font Info:    External font `cmex10' loaded for size
(Font)              <17.28> on input line 14.
LaTeX Font Info:    External font `cmex10' loaded for size
(Font)              <12> on input line 14.
LaTeX Font Info:    External font `cmex10' loaded for size
(Font)              <8> on input line 14.
LaTeX Font Info:    External font `cmex10' loaded for size
(Font)              <6> on input line 14.
LaTeX Font Info:    External font `cmex10' loaded for size
(Font)              <7> on input line 21.
LaTeX Font Info:    External font `cmex10' loaded for size
(Font)              <5> on input line 21.
LaTeX Font Info:    Trying to load font information for OMS+cmr on input line 3
5.
("C:\Users\lunca\AppData\Local\Programs\MiKTeX 2.9\tex/latex/base\omscmr.fd"
File: omscmr.fd 2014/09/29 v2.5h Standard LaTeX font definitions
)
LaTeX Font Info:    Font shape `OMS/cmr/m/n' in size <10> not available
(Font)              Font shape `OMS/cmsy/m/n' tried instead on input line 35.

[1

{C:/Users/lunca/AppData/Local/MiKTeX/2.9/pdftex/config/pdftex.map}]
Package epstopdf Info: Source file: <experiment_1a_griewangk/min_eval_0.eps>
(epstopdf)                    date: 2020-04-12 14:37:11
(epstopdf)                    size: 32924 bytes
(epstopdf)             Output file: <experiment_1a_griewangk/min_eval_0-eps-con
verted-to.pdf>
(epstopdf)                    date: 2020-04-12 15:51:28
(epstopdf)                    size: 15380 bytes
(epstopdf)             Command: <epstopdf --outfile=experiment_1a_griewangk/min
_eval_0-eps-converted-to.pdf experiment_1a_griewangk/min_eval_0.eps>
(epstopdf)             \includegraphics on input line 85.
Package epstopdf Info: Output file is already uptodate.


pdfTeX warning: pdflatex.exe (file ./experiment_1a_griewangk/min_eval_0-eps-con
verted-to.pdf): PDF inclusion: found PDF version <1.7>, but at most version <1.
5> allowed
<experiment_1a_griewangk/min_eval_0-eps-converted-to.pdf, id=121, 462.72874pt x
 346.29375pt>
File: experiment_1a_griewangk/min_eval_0-eps-converted-to.pdf Graphic file (typ
e pdf)
<use experiment_1a_griewangk/min_eval_0-eps-converted-to.pdf>
Package pdftex.def Info: experiment_1a_griewangk/min_eval_0-eps-converted-to.pd
f  used on input line 85.
(pdftex.def)             Requested size: 185.08821pt x 138.51503pt.

Overfull \hbox (19.48969pt too wide) in paragraph at lines 85--86
 [][] 
 []

Package epstopdf Info: Source file: <experiment_1a_griewangk/max_fitness_0.eps>

(epstopdf)                    date: 2020-04-12 14:37:11
(epstopdf)                    size: 37126 bytes
(epstopdf)             Output file: <experiment_1a_griewangk/max_fitness_0-eps-
converted-to.pdf>
(epstopdf)                    date: 2020-04-12 15:51:29
(epstopdf)                    size: 17013 bytes
(epstopdf)             Command: <epstopdf --outfile=experiment_1a_griewangk/max
_fitness_0-eps-converted-to.pdf experiment_1a_griewangk/max_fitness_0.eps>
(epstopdf)             \includegraphics on input line 90.
Package epstopdf Info: Output file is already uptodate.


pdfTeX warning: pdflatex.exe (file ./experiment_1a_griewangk/max_fitness_0-eps-
converted-to.pdf): PDF inclusion: found PDF version <1.7>, but at most version 
<1.5> allowed
<experiment_1a_griewangk/max_fitness_0-eps-converted-to.pdf, id=122, 462.72874p
t x 346.29375pt>
File: experiment_1a_griewangk/max_fitness_0-eps-converted-to.pdf Graphic file (
type pdf)
<use experiment_1a_griewangk/max_fitness_0-eps-converted-to.pdf>
Package pdftex.def Info: experiment_1a_griewangk/max_fitness_0-eps-converted-to
.pdf  used on input line 90.
(pdftex.def)             Requested size: 185.08821pt x 138.51503pt.

Overfull \hbox (19.48969pt too wide) in paragraph at lines 90--91
 [][] 
 []

Package epstopdf Info: Source file: <experiment_1b_griewangk/min_eval_0.eps>
(epstopdf)                    date: 2020-04-12 22:21:53
(epstopdf)                    size: 30923 bytes
(epstopdf)             Output file: <experiment_1b_griewangk/min_eval_0-eps-con
verted-to.pdf>
(epstopdf)                    date: 2020-04-13 14:53:12
(epstopdf)                    size: 14637 bytes
(epstopdf)             Command: <epstopdf --outfile=experiment_1b_griewangk/min
_eval_0-eps-converted-to.pdf experiment_1b_griewangk/min_eval_0.eps>
(epstopdf)             \includegraphics on input line 100.
Package epstopdf Info: Output file is already uptodate.


pdfTeX warning: pdflatex.exe (file ./experiment_1b_griewangk/min_eval_0-eps-con
verted-to.pdf): PDF inclusion: found PDF version <1.7>, but at most version <1.
5> allowed
<experiment_1b_griewangk/min_eval_0-eps-converted-to.pdf, id=123, 462.72874pt x
 346.29375pt>
File: experiment_1b_griewangk/min_eval_0-eps-converted-to.pdf Graphic file (typ
e pdf)
<use experiment_1b_griewangk/min_eval_0-eps-converted-to.pdf>
Package pdftex.def Info: experiment_1b_griewangk/min_eval_0-eps-converted-to.pd
f  used on input line 100.
(pdftex.def)             Requested size: 185.08821pt x 138.51503pt.

Overfull \hbox (19.48969pt too wide) in paragraph at lines 100--101
 [][] 
 []

Package epstopdf Info: Source file: <experiment_1b_griewangk/max_fitness_0.eps>

(epstopdf)                    date: 2020-04-12 22:21:53
(epstopdf)                    size: 35170 bytes
(epstopdf)             Output file: <experiment_1b_griewangk/max_fitness_0-eps-
converted-to.pdf>
(epstopdf)                    date: 2020-04-13 14:53:13
(epstopdf)                    size: 16449 bytes
(epstopdf)             Command: <epstopdf --outfile=experiment_1b_griewangk/max
_fitness_0-eps-converted-to.pdf experiment_1b_griewangk/max_fitness_0.eps>
(epstopdf)             \includegraphics on input line 105.
Package epstopdf Info: Output file is already uptodate.


pdfTeX warning: pdflatex.exe (file ./experiment_1b_griewangk/max_fitness_0-eps-
converted-to.pdf): PDF inclusion: found PDF version <1.7>, but at most version 
<1.5> allowed
<experiment_1b_griewangk/max_fitness_0-eps-converted-to.pdf, id=124, 462.72874p
t x 346.29375pt>
File: experiment_1b_griewangk/max_fitness_0-eps-converted-to.pdf Graphic file (
type pdf)
<use experiment_1b_griewangk/max_fitness_0-eps-converted-to.pdf>
Package pdftex.def Info: experiment_1b_griewangk/max_fitness_0-eps-converted-to
.pdf  used on input line 105.
(pdftex.def)             Requested size: 185.08821pt x 138.51503pt.

Overfull \hbox (19.48969pt too wide) in paragraph at lines 105--106
 [][] 
 []

[2 <./experiment_1a_griewangk/min_eval_0-eps-converted-to.pdf> <./experiment_1a
_griewangk/max_fitness_0-eps-converted-to.pdf>]
Package epstopdf Info: Source file: <experiment_2a_griewangk/max_fitness_0.eps>

(epstopdf)                    date: 2020-04-12 18:14:23
(epstopdf)                    size: 18109 bytes
(epstopdf)             Output file: <experiment_2a_griewangk/max_fitness_0-eps-
converted-to.pdf>
(epstopdf)                    date: 2020-04-12 20:11:35
(epstopdf)                    size: 10576 bytes
(epstopdf)             Command: <epstopdf --outfile=experiment_2a_griewangk/max
_fitness_0-eps-converted-to.pdf experiment_2a_griewangk/max_fitness_0.eps>
(epstopdf)             \includegraphics on input line 116.
Package epstopdf Info: Output file is already uptodate.


pdfTeX warning: pdflatex.exe (file ./experiment_2a_griewangk/max_fitness_0-eps-
converted-to.pdf): PDF inclusion: found PDF version <1.7>, but at most version 
<1.5> allowed
<experiment_2a_griewangk/max_fitness_0-eps-converted-to.pdf, id=189, 462.72874p
t x 346.29375pt>
File: experiment_2a_griewangk/max_fitness_0-eps-converted-to.pdf Graphic file (
type pdf)
<use experiment_2a_griewangk/max_fitness_0-eps-converted-to.pdf>
Package pdftex.def Info: experiment_2a_griewangk/max_fitness_0-eps-converted-to
.pdf  used on input line 116.
(pdftex.def)             Requested size: 185.08821pt x 138.51503pt.

Overfull \hbox (19.48969pt too wide) in paragraph at lines 116--117
 [][] 
 []

Package epstopdf Info: Source file: <experiment_2b_griewangk/max_fitness_0.eps>

(epstopdf)                    date: 2020-04-12 20:18:41
(epstopdf)                    size: 20145 bytes
(epstopdf)             Output file: <experiment_2b_griewangk/max_fitness_0-eps-
converted-to.pdf>
(epstopdf)                    date: 2020-04-12 22:08:57
(epstopdf)                    size: 11442 bytes
(epstopdf)             Command: <epstopdf --outfile=experiment_2b_griewangk/max
_fitness_0-eps-converted-to.pdf experiment_2b_griewangk/max_fitness_0.eps>
(epstopdf)             \includegraphics on input line 121.
Package epstopdf Info: Output file is already uptodate.


pdfTeX warning: pdflatex.exe (file ./experiment_2b_griewangk/max_fitness_0-eps-
converted-to.pdf): PDF inclusion: found PDF version <1.7>, but at most version 
<1.5> allowed
<experiment_2b_griewangk/max_fitness_0-eps-converted-to.pdf, id=190, 462.72874p
t x 346.29375pt>
File: experiment_2b_griewangk/max_fitness_0-eps-converted-to.pdf Graphic file (
type pdf)
<use experiment_2b_griewangk/max_fitness_0-eps-converted-to.pdf>
Package pdftex.def Info: experiment_2b_griewangk/max_fitness_0-eps-converted-to
.pdf  used on input line 121.
(pdftex.def)             Requested size: 185.08821pt x 138.51503pt.

Overfull \hbox (19.48969pt too wide) in paragraph at lines 121--122
 [][] 
 []

Package epstopdf Info: Source file: <experiment_3a_griewangk/ga_min_eval_0.eps>

(epstopdf)                    date: 2020-04-13 16:07:47
(epstopdf)                    size: 33455 bytes
(epstopdf)             Output file: <experiment_3a_griewangk/ga_min_eval_0-eps-
converted-to.pdf>
(epstopdf)                    date: 2020-04-13 23:41:44
(epstopdf)                    size: 15492 bytes
(epstopdf)             Command: <epstopdf --outfile=experiment_3a_griewangk/ga_
min_eval_0-eps-converted-to.pdf experiment_3a_griewangk/ga_min_eval_0.eps>
(epstopdf)             \includegraphics on input line 132.
Package epstopdf Info: Output file is already uptodate.


pdfTeX warning: pdflatex.exe (file ./experiment_3a_griewangk/ga_min_eval_0-eps-
converted-to.pdf): PDF inclusion: found PDF version <1.7>, but at most version 
<1.5> allowed
<experiment_3a_griewangk/ga_min_eval_0-eps-converted-to.pdf, id=191, 462.72874p
t x 346.29375pt>
File: experiment_3a_griewangk/ga_min_eval_0-eps-converted-to.pdf Graphic file (
type pdf)
<use experiment_3a_griewangk/ga_min_eval_0-eps-converted-to.pdf>
Package pdftex.def Info: experiment_3a_griewangk/ga_min_eval_0-eps-converted-to
.pdf  used on input line 132.
(pdftex.def)             Requested size: 185.08821pt x 138.51503pt.

Overfull \hbox (19.48969pt too wide) in paragraph at lines 132--133
 [][] 
 []

Package epstopdf Info: Source file: <experiment_3a_griewangk/hc_max_fitness_0.e
ps>
(epstopdf)                    date: 2020-04-13 16:11:14
(epstopdf)                    size: 16185 bytes
(epstopdf)             Output file: <experiment_3a_griewangk/hc_max_fitness_0-e
ps-converted-to.pdf>
(epstopdf)                    date: 2020-04-13 23:41:26
(epstopdf)                    size: 9703 bytes
(epstopdf)             Command: <epstopdf --outfile=experiment_3a_griewangk/hc_
max_fitness_0-eps-converted-to.pdf experiment_3a_griewangk/hc_max_fitness_0.eps
>
(epstopdf)             \includegraphics on input line 137.
Package epstopdf Info: Output file is already uptodate.


pdfTeX warning: pdflatex.exe (file ./experiment_3a_griewangk/hc_max_fitness_0-e
ps-converted-to.pdf): PDF inclusion: found PDF version <1.7>, but at most versi
on <1.5> allowed
<experiment_3a_griewangk/hc_max_fitness_0-eps-converted-to.pdf, id=192, 462.728
74pt x 346.29375pt>
File: experiment_3a_griewangk/hc_max_fitness_0-eps-converted-to.pdf Graphic fil
e (type pdf)
<use experiment_3a_griewangk/hc_max_fitness_0-eps-converted-to.pdf>
Package pdftex.def Info: experiment_3a_griewangk/hc_max_fitness_0-eps-converted
-to.pdf  used on input line 137.
(pdftex.def)             Requested size: 185.08821pt x 138.51503pt.

Overfull \hbox (19.48969pt too wide) in paragraph at lines 137--138
 [][] 
 []

[3 <./experiment_1b_griewangk/min_eval_0-eps-converted-to.pdf> <./experiment_1b
_griewangk/max_fitness_0-eps-converted-to.pdf> <./experiment_2a_griewangk/max_f
itness_0-eps-converted-to.pdf> <./experiment_2b_griewangk/max_fitness_0-eps-con
verted-to.pdf>]
Package epstopdf Info: Source file: <boxplots/griewangk_boxplot.eps>
(epstopdf)                    date: 2020-04-27 22:58:05
(epstopdf)                    size: 20624 bytes
(epstopdf)             Output file: <boxplots/griewangk_boxplot-eps-converted-t
o.pdf>
(epstopdf)                    date: 2020-04-27 22:58:26
(epstopdf)                    size: 10750 bytes
(epstopdf)             Command: <epstopdf --outfile=boxplots/griewangk_boxplot-
eps-converted-to.pdf boxplots/griewangk_boxplot.eps>
(epstopdf)             \includegraphics on input line 148.
Package epstopdf Info: Output file is already uptodate.


pdfTeX warning: pdflatex.exe (file ./boxplots/griewangk_boxplot-eps-converted-t
o.pdf): PDF inclusion: found PDF version <1.7>, but at most version <1.5> allow
ed
<boxplots/griewangk_boxplot-eps-converted-to.pdf, id=308, 462.72874pt x 346.293
75pt>
File: boxplots/griewangk_boxplot-eps-converted-to.pdf Graphic file (type pdf)
<use boxplots/griewangk_boxplot-eps-converted-to.pdf>
Package pdftex.def Info: boxplots/griewangk_boxplot-eps-converted-to.pdf  used 
on input line 148.
(pdftex.def)             Requested size: 370.1835pt x 277.03537pt.

Overfull \hbox (25.1835pt too wide) in paragraph at lines 148--149
 [][] 
 []

<t_test/griewangk_t_test_matrix.png, id=309, 380.1402pt x 286.1892pt>
File: t_test/griewangk_t_test_matrix.png Graphic file (type png)
<use t_test/griewangk_t_test_matrix.png>
Package pdftex.def Info: t_test/griewangk_t_test_matrix.png  used on input line
 159.
(pdftex.def)             Requested size: 304.11255pt x 228.95164pt.
[4 <./experiment_3a_griewangk/ga_min_eval_0-eps-converted-to.pdf> <./experiment
_3a_griewangk/hc_max_fitness_0-eps-converted-to.pdf> <./boxplots/griewangk_boxp
lot-eps-converted-to.pdf>]
Package epstopdf Info: Source file: <experiment_1a_rastrigin/min_eval_0.eps>
(epstopdf)                    date: 2020-04-12 15:19:15
(epstopdf)                    size: 38144 bytes
(epstopdf)             Output file: <experiment_1a_rastrigin/min_eval_0-eps-con
verted-to.pdf>
(epstopdf)                    date: 2020-04-12 15:51:30
(epstopdf)                    size: 16713 bytes
(epstopdf)             Command: <epstopdf --outfile=experiment_1a_rastrigin/min
_eval_0-eps-converted-to.pdf experiment_1a_rastrigin/min_eval_0.eps>
(epstopdf)             \includegraphics on input line 188.
Package epstopdf Info: Output file is already uptodate.


pdfTeX warning: pdflatex.exe (file ./experiment_1a_rastrigin/min_eval_0-eps-con
verted-to.pdf): PDF inclusion: found PDF version <1.7>, but at most version <1.
5> allowed
<experiment_1a_rastrigin/min_eval_0-eps-converted-to.pdf, id=402, 462.72874pt x
 346.29375pt>
File: experiment_1a_rastrigin/min_eval_0-eps-converted-to.pdf Graphic file (typ
e pdf)
<use experiment_1a_rastrigin/min_eval_0-eps-converted-to.pdf>
Package pdftex.def Info: experiment_1a_rastrigin/min_eval_0-eps-converted-to.pd
f  used on input line 188.
(pdftex.def)             Requested size: 185.08821pt x 138.51503pt.

Overfull \hbox (19.48969pt too wide) in paragraph at lines 188--189
 [][] 
 []

Package epstopdf Info: Source file: <experiment_1a_rastrigin/max_fitness_0.eps>

(epstopdf)                    date: 2020-04-12 15:19:15
(epstopdf)                    size: 40843 bytes
(epstopdf)             Output file: <experiment_1a_rastrigin/max_fitness_0-eps-
converted-to.pdf>
(epstopdf)                    date: 2020-04-12 15:51:30
(epstopdf)                    size: 17761 bytes
(epstopdf)             Command: <epstopdf --outfile=experiment_1a_rastrigin/max
_fitness_0-eps-converted-to.pdf experiment_1a_rastrigin/max_fitness_0.eps>
(epstopdf)             \includegraphics on input line 193.
Package epstopdf Info: Output file is already uptodate.


pdfTeX warning: pdflatex.exe (file ./experiment_1a_rastrigin/max_fitness_0-eps-
converted-to.pdf): PDF inclusion: found PDF version <1.7>, but at most version 
<1.5> allowed
<experiment_1a_rastrigin/max_fitness_0-eps-converted-to.pdf, id=403, 462.72874p
t x 346.29375pt>
File: experiment_1a_rastrigin/max_fitness_0-eps-converted-to.pdf Graphic file (
type pdf)
<use experiment_1a_rastrigin/max_fitness_0-eps-converted-to.pdf>
Package pdftex.def Info: experiment_1a_rastrigin/max_fitness_0-eps-converted-to
.pdf  used on input line 193.
(pdftex.def)             Requested size: 185.08821pt x 138.51503pt.

Overfull \hbox (19.48969pt too wide) in paragraph at lines 193--194
 [][] 
 []

[5 <./t_test/griewangk_t_test_matrix.png>]
Package epstopdf Info: Source file: <experiment_1b_rastrigin/min_eval_0.eps>
(epstopdf)                    date: 2020-04-12 22:20:59
(epstopdf)                    size: 34521 bytes
(epstopdf)             Output file: <experiment_1b_rastrigin/min_eval_0-eps-con
verted-to.pdf>
(epstopdf)                    date: 2020-04-13 14:52:26
(epstopdf)                    size: 15437 bytes
(epstopdf)             Command: <epstopdf --outfile=experiment_1b_rastrigin/min
_eval_0-eps-converted-to.pdf experiment_1b_rastrigin/min_eval_0.eps>
(epstopdf)             \includegraphics on input line 203.
Package epstopdf Info: Output file is already uptodate.


pdfTeX warning: pdflatex.exe (file ./experiment_1b_rastrigin/min_eval_0-eps-con
verted-to.pdf): PDF inclusion: found PDF version <1.7>, but at most version <1.
5> allowed
<experiment_1b_rastrigin/min_eval_0-eps-converted-to.pdf, id=412, 462.72874pt x
 346.29375pt>
File: experiment_1b_rastrigin/min_eval_0-eps-converted-to.pdf Graphic file (typ
e pdf)
<use experiment_1b_rastrigin/min_eval_0-eps-converted-to.pdf>
Package pdftex.def Info: experiment_1b_rastrigin/min_eval_0-eps-converted-to.pd
f  used on input line 203.
(pdftex.def)             Requested size: 185.08821pt x 138.51503pt.

Overfull \hbox (19.48969pt too wide) in paragraph at lines 203--204
 [][] 
 []

Package epstopdf Info: Source file: <experiment_1b_rastrigin/max_fitness_0.eps>

(epstopdf)                    date: 2020-04-12 22:20:59
(epstopdf)                    size: 39779 bytes
(epstopdf)             Output file: <experiment_1b_rastrigin/max_fitness_0-eps-
converted-to.pdf>
(epstopdf)                    date: 2020-04-13 14:52:26
(epstopdf)                    size: 17537 bytes
(epstopdf)             Command: <epstopdf --outfile=experiment_1b_rastrigin/max
_fitness_0-eps-converted-to.pdf experiment_1b_rastrigin/max_fitness_0.eps>
(epstopdf)             \includegraphics on input line 208.
Package epstopdf Info: Output file is already uptodate.


pdfTeX warning: pdflatex.exe (file ./experiment_1b_rastrigin/max_fitness_0-eps-
converted-to.pdf): PDF inclusion: found PDF version <1.7>, but at most version 
<1.5> allowed
<experiment_1b_rastrigin/max_fitness_0-eps-converted-to.pdf, id=413, 462.72874p
t x 346.29375pt>
File: experiment_1b_rastrigin/max_fitness_0-eps-converted-to.pdf Graphic file (
type pdf)
<use experiment_1b_rastrigin/max_fitness_0-eps-converted-to.pdf>
Package pdftex.def Info: experiment_1b_rastrigin/max_fitness_0-eps-converted-to
.pdf  used on input line 208.
(pdftex.def)             Requested size: 185.08821pt x 138.51503pt.

Overfull \hbox (19.48969pt too wide) in paragraph at lines 208--209
 [][] 
 []

Package epstopdf Info: Source file: <experiment_2a_rastrigin/max_fitness_0.eps>

(epstopdf)                    date: 2020-04-12 18:30:06
(epstopdf)                    size: 17787 bytes
(epstopdf)             Output file: <experiment_2a_rastrigin/max_fitness_0-eps-
converted-to.pdf>
(epstopdf)                    date: 2020-04-12 20:14:36
(epstopdf)                    size: 10572 bytes
(epstopdf)             Command: <epstopdf --outfile=experiment_2a_rastrigin/max
_fitness_0-eps-converted-to.pdf experiment_2a_rastrigin/max_fitness_0.eps>
(epstopdf)             \includegraphics on input line 218.
Package epstopdf Info: Output file is already uptodate.


pdfTeX warning: pdflatex.exe (file ./experiment_2a_rastrigin/max_fitness_0-eps-
converted-to.pdf): PDF inclusion: found PDF version <1.7>, but at most version 
<1.5> allowed
<experiment_2a_rastrigin/max_fitness_0-eps-converted-to.pdf, id=414, 462.72874p
t x 346.29375pt>
File: experiment_2a_rastrigin/max_fitness_0-eps-converted-to.pdf Graphic file (
type pdf)
<use experiment_2a_rastrigin/max_fitness_0-eps-converted-to.pdf>
Package pdftex.def Info: experiment_2a_rastrigin/max_fitness_0-eps-converted-to
.pdf  used on input line 218.
(pdftex.def)             Requested size: 185.08821pt x 138.51503pt.

Overfull \hbox (19.48969pt too wide) in paragraph at lines 218--219
 [][] 
 []

Package epstopdf Info: Source file: <experiment_2b_rastrigin/max_fitness_0.eps>

(epstopdf)                    date: 2020-04-12 20:17:29
(epstopdf)                    size: 20062 bytes
(epstopdf)             Output file: <experiment_2b_rastrigin/max_fitness_0-eps-
converted-to.pdf>
(epstopdf)                    date: 2020-04-12 22:07:10
(epstopdf)                    size: 11201 bytes
(epstopdf)             Command: <epstopdf --outfile=experiment_2b_rastrigin/max
_fitness_0-eps-converted-to.pdf experiment_2b_rastrigin/max_fitness_0.eps>
(epstopdf)             \includegraphics on input line 223.
Package epstopdf Info: Output file is already uptodate.


pdfTeX warning: pdflatex.exe (file ./experiment_2b_rastrigin/max_fitness_0-eps-
converted-to.pdf): PDF inclusion: found PDF version <1.7>, but at most version 
<1.5> allowed
<experiment_2b_rastrigin/max_fitness_0-eps-converted-to.pdf, id=415, 462.72874p
t x 346.29375pt>
File: experiment_2b_rastrigin/max_fitness_0-eps-converted-to.pdf Graphic file (
type pdf)
<use experiment_2b_rastrigin/max_fitness_0-eps-converted-to.pdf>
Package pdftex.def Info: experiment_2b_rastrigin/max_fitness_0-eps-converted-to
.pdf  used on input line 223.
(pdftex.def)             Requested size: 185.08821pt x 138.51503pt.

Overfull \hbox (19.48969pt too wide) in paragraph at lines 223--224
 [][] 
 []

[6 <./experiment_1a_rastrigin/min_eval_0-eps-converted-to.pdf> <./experiment_1a
_rastrigin/max_fitness_0-eps-converted-to.pdf> <./experiment_1b_rastrigin/min_e
val_0-eps-converted-to.pdf> <./experiment_1b_rastrigin/max_fitness_0-eps-conver
ted-to.pdf>]
Package epstopdf Info: Source file: <experiment_3a_rastrigin/ga_min_eval_0.eps>

(epstopdf)                    date: 2020-04-13 16:07:57
(epstopdf)                    size: 38690 bytes
(epstopdf)             Output file: <experiment_3a_rastrigin/ga_min_eval_0-eps-
converted-to.pdf>
(epstopdf)                    date: 2020-04-13 23:47:05
(epstopdf)                    size: 16856 bytes
(epstopdf)             Command: <epstopdf --outfile=experiment_3a_rastrigin/ga_
min_eval_0-eps-converted-to.pdf experiment_3a_rastrigin/ga_min_eval_0.eps>
(epstopdf)             \includegraphics on input line 234.
Package epstopdf Info: Output file is already uptodate.


pdfTeX warning: pdflatex.exe (file ./experiment_3a_rastrigin/ga_min_eval_0-eps-
converted-to.pdf): PDF inclusion: found PDF version <1.7>, but at most version 
<1.5> allowed
<experiment_3a_rastrigin/ga_min_eval_0-eps-converted-to.pdf, id=532, 462.72874p
t x 346.29375pt>
File: experiment_3a_rastrigin/ga_min_eval_0-eps-converted-to.pdf Graphic file (
type pdf)
<use experiment_3a_rastrigin/ga_min_eval_0-eps-converted-to.pdf>
Package pdftex.def Info: experiment_3a_rastrigin/ga_min_eval_0-eps-converted-to
.pdf  used on input line 234.
(pdftex.def)             Requested size: 185.08821pt x 138.51503pt.

Overfull \hbox (19.48969pt too wide) in paragraph at lines 234--235
 [][] 
 []

Package epstopdf Info: Source file: <experiment_3a_rastrigin/hc_max_fitness_0.e
ps>
(epstopdf)                    date: 2020-04-13 16:08:47
(epstopdf)                    size: 19182 bytes
(epstopdf)             Output file: <experiment_3a_rastrigin/hc_max_fitness_0-e
ps-converted-to.pdf>
(epstopdf)                    date: 2020-04-13 23:47:06
(epstopdf)                    size: 10889 bytes
(epstopdf)             Command: <epstopdf --outfile=experiment_3a_rastrigin/hc_
max_fitness_0-eps-converted-to.pdf experiment_3a_rastrigin/hc_max_fitness_0.eps
>
(epstopdf)             \includegraphics on input line 239.
Package epstopdf Info: Output file is already uptodate.


pdfTeX warning: pdflatex.exe (file ./experiment_3a_rastrigin/hc_max_fitness_0-e
ps-converted-to.pdf): PDF inclusion: found PDF version <1.7>, but at most versi
on <1.5> allowed
<experiment_3a_rastrigin/hc_max_fitness_0-eps-converted-to.pdf, id=533, 462.728
74pt x 346.29375pt>
File: experiment_3a_rastrigin/hc_max_fitness_0-eps-converted-to.pdf Graphic fil
e (type pdf)
<use experiment_3a_rastrigin/hc_max_fitness_0-eps-converted-to.pdf>
Package pdftex.def Info: experiment_3a_rastrigin/hc_max_fitness_0-eps-converted
-to.pdf  used on input line 239.
(pdftex.def)             Requested size: 185.08821pt x 138.51503pt.

Overfull \hbox (19.48969pt too wide) in paragraph at lines 239--240
 [][] 
 []

Package epstopdf Info: Source file: <boxplots/rastrigin_boxplot.eps>
(epstopdf)                    date: 2020-04-27 22:58:13
(epstopdf)                    size: 21747 bytes
(epstopdf)             Output file: <boxplots/rastrigin_boxplot-eps-converted-t
o.pdf>
(epstopdf)                    date: 2020-04-27 23:00:06
(epstopdf)                    size: 11659 bytes
(epstopdf)             Command: <epstopdf --outfile=boxplots/rastrigin_boxplot-
eps-converted-to.pdf boxplots/rastrigin_boxplot.eps>
(epstopdf)             \includegraphics on input line 250.
Package epstopdf Info: Output file is already uptodate.


pdfTeX warning: pdflatex.exe (file ./boxplots/rastrigin_boxplot-eps-converted-t
o.pdf): PDF inclusion: found PDF version <1.7>, but at most version <1.5> allow
ed
<boxplots/rastrigin_boxplot-eps-converted-to.pdf, id=534, 462.72874pt x 346.293
75pt>
File: boxplots/rastrigin_boxplot-eps-converted-to.pdf Graphic file (type pdf)
<use boxplots/rastrigin_boxplot-eps-converted-to.pdf>
Package pdftex.def Info: boxplots/rastrigin_boxplot-eps-converted-to.pdf  used 
on input line 250.
(pdftex.def)             Requested size: 370.1835pt x 277.03537pt.

Overfull \hbox (25.1835pt too wide) in paragraph at lines 250--251
 [][] 
 []

[7 <./experiment_2a_rastrigin/max_fitness_0-eps-converted-to.pdf> <./experiment
_2b_rastrigin/max_fitness_0-eps-converted-to.pdf> <./experiment_3a_rastrigin/ga
_min_eval_0-eps-converted-to.pdf> <./experiment_3a_rastrigin/hc_max_fitness_0-e
ps-converted-to.pdf>] [8 <./boxplots/rastrigin_boxplot-eps-converted-to.pdf>]
<t_test/rastrigin_t_test_matrix.png, id=683, 380.1402pt x 286.1892pt>
File: t_test/rastrigin_t_test_matrix.png Graphic file (type png)
<use t_test/rastrigin_t_test_matrix.png>
Package pdftex.def Info: t_test/rastrigin_t_test_matrix.png  used on input line
 261.
(pdftex.def)             Requested size: 304.11255pt x 228.95164pt.
Package epstopdf Info: Source file: <experiment_1a_rosenbrock/min_eval_0.eps>
(epstopdf)                    date: 2020-04-12 15:57:01
(epstopdf)                    size: 52646 bytes
(epstopdf)             Output file: <experiment_1a_rosenbrock/min_eval_0-eps-co
nverted-to.pdf>
(epstopdf)                    date: 2020-04-12 16:58:27
(epstopdf)                    size: 20524 bytes
(epstopdf)             Command: <epstopdf --outfile=experiment_1a_rosenbrock/mi
n_eval_0-eps-converted-to.pdf experiment_1a_rosenbrock/min_eval_0.eps>
(epstopdf)             \includegraphics on input line 291.
Package epstopdf Info: Output file is already uptodate.


pdfTeX warning: pdflatex.exe (file ./experiment_1a_rosenbrock/min_eval_0-eps-co
nverted-to.pdf): PDF inclusion: found PDF version <1.7>, but at most version <1
.5> allowed
<experiment_1a_rosenbrock/min_eval_0-eps-converted-to.pdf, id=692, 462.72874pt 
x 346.29375pt>
File: experiment_1a_rosenbrock/min_eval_0-eps-converted-to.pdf Graphic file (ty
pe pdf)
<use experiment_1a_rosenbrock/min_eval_0-eps-converted-to.pdf>
Package pdftex.def Info: experiment_1a_rosenbrock/min_eval_0-eps-converted-to.p
df  used on input line 291.
(pdftex.def)             Requested size: 185.08821pt x 138.51503pt.

Overfull \hbox (19.48969pt too wide) in paragraph at lines 291--292
 [][] 
 []

Package epstopdf Info: Source file: <experiment_1a_rosenbrock/max_fitness_0.eps
>
(epstopdf)                    date: 2020-04-12 15:57:00
(epstopdf)                    size: 56635 bytes
(epstopdf)             Output file: <experiment_1a_rosenbrock/max_fitness_0-eps
-converted-to.pdf>
(epstopdf)                    date: 2020-04-12 16:58:28
(epstopdf)                    size: 22200 bytes
(epstopdf)             Command: <epstopdf --outfile=experiment_1a_rosenbrock/ma
x_fitness_0-eps-converted-to.pdf experiment_1a_rosenbrock/max_fitness_0.eps>
(epstopdf)             \includegraphics on input line 296.
Package epstopdf Info: Output file is already uptodate.


pdfTeX warning: pdflatex.exe (file ./experiment_1a_rosenbrock/max_fitness_0-eps
-converted-to.pdf): PDF inclusion: found PDF version <1.7>, but at most version
 <1.5> allowed
<experiment_1a_rosenbrock/max_fitness_0-eps-converted-to.pdf, id=693, 462.72874
pt x 346.29375pt>
File: experiment_1a_rosenbrock/max_fitness_0-eps-converted-to.pdf Graphic file 
(type pdf)
<use experiment_1a_rosenbrock/max_fitness_0-eps-converted-to.pdf>
Package pdftex.def Info: experiment_1a_rosenbrock/max_fitness_0-eps-converted-t
o.pdf  used on input line 296.
(pdftex.def)             Requested size: 185.08821pt x 138.51503pt.

Overfull \hbox (19.48969pt too wide) in paragraph at lines 296--297
 [][] 
 []

[9 <./t_test/rastrigin_t_test_matrix.png>]
Package epstopdf Info: Source file: <experiment_1b_rosenbrock/min_eval_0.eps>
(epstopdf)                    date: 2020-04-12 22:23:09
(epstopdf)                    size: 50177 bytes
(epstopdf)             Output file: <experiment_1b_rosenbrock/min_eval_0-eps-co
nverted-to.pdf>
(epstopdf)                    date: 2020-04-13 14:54:23
(epstopdf)                    size: 19542 bytes
(epstopdf)             Command: <epstopdf --outfile=experiment_1b_rosenbrock/mi
n_eval_0-eps-converted-to.pdf experiment_1b_rosenbrock/min_eval_0.eps>
(epstopdf)             \includegraphics on input line 306.
Package epstopdf Info: Output file is already uptodate.


pdfTeX warning: pdflatex.exe (file ./experiment_1b_rosenbrock/min_eval_0-eps-co
nverted-to.pdf): PDF inclusion: found PDF version <1.7>, but at most version <1
.5> allowed
<experiment_1b_rosenbrock/min_eval_0-eps-converted-to.pdf, id=702, 462.72874pt 
x 346.29375pt>
File: experiment_1b_rosenbrock/min_eval_0-eps-converted-to.pdf Graphic file (ty
pe pdf)
<use experiment_1b_rosenbrock/min_eval_0-eps-converted-to.pdf>
Package pdftex.def Info: experiment_1b_rosenbrock/min_eval_0-eps-converted-to.p
df  used on input line 306.
(pdftex.def)             Requested size: 185.08821pt x 138.51503pt.

Overfull \hbox (19.48969pt too wide) in paragraph at lines 306--307
 [][] 
 []

Package epstopdf Info: Source file: <experiment_1b_rosenbrock/max_fitness_0.eps
>
(epstopdf)                    date: 2020-04-12 22:23:09
(epstopdf)                    size: 57490 bytes
(epstopdf)             Output file: <experiment_1b_rosenbrock/max_fitness_0-eps
-converted-to.pdf>
(epstopdf)                    date: 2020-04-13 14:54:23
(epstopdf)                    size: 22358 bytes
(epstopdf)             Command: <epstopdf --outfile=experiment_1b_rosenbrock/ma
x_fitness_0-eps-converted-to.pdf experiment_1b_rosenbrock/max_fitness_0.eps>
(epstopdf)             \includegraphics on input line 311.
Package epstopdf Info: Output file is already uptodate.


pdfTeX warning: pdflatex.exe (file ./experiment_1b_rosenbrock/max_fitness_0-eps
-converted-to.pdf): PDF inclusion: found PDF version <1.7>, but at most version
 <1.5> allowed
<experiment_1b_rosenbrock/max_fitness_0-eps-converted-to.pdf, id=703, 462.72874
pt x 346.29375pt>
File: experiment_1b_rosenbrock/max_fitness_0-eps-converted-to.pdf Graphic file 
(type pdf)
<use experiment_1b_rosenbrock/max_fitness_0-eps-converted-to.pdf>
Package pdftex.def Info: experiment_1b_rosenbrock/max_fitness_0-eps-converted-t
o.pdf  used on input line 311.
(pdftex.def)             Requested size: 185.08821pt x 138.51503pt.

Overfull \hbox (19.48969pt too wide) in paragraph at lines 311--312
 [][] 
 []

Package epstopdf Info: Source file: <experiment_2a_rosenbrock/max_fitness_0.eps
>
(epstopdf)                    date: 2020-04-12 18:14:00
(epstopdf)                    size: 16954 bytes
(epstopdf)             Output file: <experiment_2a_rosenbrock/max_fitness_0-eps
-converted-to.pdf>
(epstopdf)                    date: 2020-04-12 19:19:33
(epstopdf)                    size: 9380 bytes
(epstopdf)             Command: <epstopdf --outfile=experiment_2a_rosenbrock/ma
x_fitness_0-eps-converted-to.pdf experiment_2a_rosenbrock/max_fitness_0.eps>
(epstopdf)             \includegraphics on input line 322.
Package epstopdf Info: Output file is already uptodate.


pdfTeX warning: pdflatex.exe (file ./experiment_2a_rosenbrock/max_fitness_0-eps
-converted-to.pdf): PDF inclusion: found PDF version <1.7>, but at most version
 <1.5> allowed
<experiment_2a_rosenbrock/max_fitness_0-eps-converted-to.pdf, id=704, 462.72874
pt x 346.29375pt>
File: experiment_2a_rosenbrock/max_fitness_0-eps-converted-to.pdf Graphic file 
(type pdf)
<use experiment_2a_rosenbrock/max_fitness_0-eps-converted-to.pdf>
Package pdftex.def Info: experiment_2a_rosenbrock/max_fitness_0-eps-converted-t
o.pdf  used on input line 322.
(pdftex.def)             Requested size: 185.08821pt x 138.51503pt.

Overfull \hbox (19.48969pt too wide) in paragraph at lines 322--323
 [][] 
 []

Package epstopdf Info: Source file: <experiment_2b_rosenbrock/max_fitness_0.eps
>
(epstopdf)                    date: 2020-04-12 20:18:56
(epstopdf)                    size: 20899 bytes
(epstopdf)             Output file: <experiment_2b_rosenbrock/max_fitness_0-eps
-converted-to.pdf>
(epstopdf)                    date: 2020-04-12 21:48:22
(epstopdf)                    size: 11737 bytes
(epstopdf)             Command: <epstopdf --outfile=experiment_2b_rosenbrock/ma
x_fitness_0-eps-converted-to.pdf experiment_2b_rosenbrock/max_fitness_0.eps>
(epstopdf)             \includegraphics on input line 327.
Package epstopdf Info: Output file is already uptodate.


pdfTeX warning: pdflatex.exe (file ./experiment_2b_rosenbrock/max_fitness_0-eps
-converted-to.pdf): PDF inclusion: found PDF version <1.7>, but at most version
 <1.5> allowed
<experiment_2b_rosenbrock/max_fitness_0-eps-converted-to.pdf, id=705, 462.72874
pt x 346.29375pt>
File: experiment_2b_rosenbrock/max_fitness_0-eps-converted-to.pdf Graphic file 
(type pdf)
<use experiment_2b_rosenbrock/max_fitness_0-eps-converted-to.pdf>
Package pdftex.def Info: experiment_2b_rosenbrock/max_fitness_0-eps-converted-t
o.pdf  used on input line 327.
(pdftex.def)             Requested size: 185.08821pt x 138.51503pt.

Overfull \hbox (19.48969pt too wide) in paragraph at lines 327--328
 [][] 
 []

[10 <./experiment_1a_rosenbrock/min_eval_0-eps-converted-to.pdf> <./experiment_
1a_rosenbrock/max_fitness_0-eps-converted-to.pdf> <./experiment_1b_rosenbrock/m
in_eval_0-eps-converted-to.pdf> <./experiment_1b_rosenbrock/max_fitness_0-eps-c
onverted-to.pdf>]
Package epstopdf Info: Source file: <experiment_3a_rosenbrock/ga_min_eval_0.eps
>
(epstopdf)                    date: 2020-04-13 16:09:17
(epstopdf)                    size: 54992 bytes
(epstopdf)             Output file: <experiment_3a_rosenbrock/ga_min_eval_0-eps
-converted-to.pdf>
(epstopdf)                    date: 2020-04-13 23:51:05
(epstopdf)                    size: 21647 bytes
(epstopdf)             Command: <epstopdf --outfile=experiment_3a_rosenbrock/ga
_min_eval_0-eps-converted-to.pdf experiment_3a_rosenbrock/ga_min_eval_0.eps>
(epstopdf)             \includegraphics on input line 338.
Package epstopdf Info: Output file is already uptodate.


pdfTeX warning: pdflatex.exe (file ./experiment_3a_rosenbrock/ga_min_eval_0-eps
-converted-to.pdf): PDF inclusion: found PDF version <1.7>, but at most version
 <1.5> allowed
<experiment_3a_rosenbrock/ga_min_eval_0-eps-converted-to.pdf, id=816, 462.72874
pt x 346.29375pt>
File: experiment_3a_rosenbrock/ga_min_eval_0-eps-converted-to.pdf Graphic file 
(type pdf)
<use experiment_3a_rosenbrock/ga_min_eval_0-eps-converted-to.pdf>
Package pdftex.def Info: experiment_3a_rosenbrock/ga_min_eval_0-eps-converted-t
o.pdf  used on input line 338.
(pdftex.def)             Requested size: 185.08821pt x 138.51503pt.

Overfull \hbox (19.48969pt too wide) in paragraph at lines 338--339
 [][] 
 []

Package epstopdf Info: Source file: <experiment_3a_rosenbrock/hc_max_fitness_0.
eps>
(epstopdf)                    date: 2020-04-13 16:10:12
(epstopdf)                    size: 16108 bytes
(epstopdf)             Output file: <experiment_3a_rosenbrock/hc_max_fitness_0-
eps-converted-to.pdf>
(epstopdf)                    date: 2020-04-13 23:51:05
(epstopdf)                    size: 9867 bytes
(epstopdf)             Command: <epstopdf --outfile=experiment_3a_rosenbrock/hc
_max_fitness_0-eps-converted-to.pdf experiment_3a_rosenbrock/hc_max_fitness_0.e
ps>
(epstopdf)             \includegraphics on input line 343.
Package epstopdf Info: Output file is already uptodate.


pdfTeX warning: pdflatex.exe (file ./experiment_3a_rosenbrock/hc_max_fitness_0-
eps-converted-to.pdf): PDF inclusion: found PDF version <1.7>, but at most vers
ion <1.5> allowed
<experiment_3a_rosenbrock/hc_max_fitness_0-eps-converted-to.pdf, id=817, 462.72
874pt x 346.29375pt>
File: experiment_3a_rosenbrock/hc_max_fitness_0-eps-converted-to.pdf Graphic fi
le (type pdf)
<use experiment_3a_rosenbrock/hc_max_fitness_0-eps-converted-to.pdf>
Package pdftex.def Info: experiment_3a_rosenbrock/hc_max_fitness_0-eps-converte
d-to.pdf  used on input line 343.
(pdftex.def)             Requested size: 185.08821pt x 138.51503pt.

Overfull \hbox (19.48969pt too wide) in paragraph at lines 343--344
 [][] 
 []

Package epstopdf Info: Source file: <boxplots/rosenbrock_boxplot.eps>
(epstopdf)                    date: 2020-04-27 22:58:21
(epstopdf)                    size: 21986 bytes
(epstopdf)             Output file: <boxplots/rosenbrock_boxplot-eps-converted-
to.pdf>
(epstopdf)                    date: 2020-04-27 23:00:06
(epstopdf)                    size: 11026 bytes
(epstopdf)             Command: <epstopdf --outfile=boxplots/rosenbrock_boxplot
-eps-converted-to.pdf boxplots/rosenbrock_boxplot.eps>
(epstopdf)             \includegraphics on input line 354.
Package epstopdf Info: Output file is already uptodate.


pdfTeX warning: pdflatex.exe (file ./boxplots/rosenbrock_boxplot-eps-converted-
to.pdf): PDF inclusion: found PDF version <1.7>, but at most version <1.5> allo
wed
<boxplots/rosenbrock_boxplot-eps-converted-to.pdf, id=818, 462.72874pt x 346.29
375pt>
File: boxplots/rosenbrock_boxplot-eps-converted-to.pdf Graphic file (type pdf)
<use boxplots/rosenbrock_boxplot-eps-converted-to.pdf>
Package pdftex.def Info: boxplots/rosenbrock_boxplot-eps-converted-to.pdf  used
 on input line 354.
(pdftex.def)             Requested size: 370.1835pt x 277.03537pt.

Overfull \hbox (25.1835pt too wide) in paragraph at lines 354--355
 [][] 
 []

[11 <./experiment_2a_rosenbrock/max_fitness_0-eps-converted-to.pdf> <./experime
nt_2b_rosenbrock/max_fitness_0-eps-converted-to.pdf> <./experiment_3a_rosenbroc
k/ga_min_eval_0-eps-converted-to.pdf> <./experiment_3a_rosenbrock/hc_max_fitnes
s_0-eps-converted-to.pdf>] [12 <./boxplots/rosenbrock_boxplot-eps-converted-to.
pdf>]
<t_test/rosenbrock_t_test_matrix.png, id=958, 380.1402pt x 286.1892pt>
File: t_test/rosenbrock_t_test_matrix.png Graphic file (type png)
<use t_test/rosenbrock_t_test_matrix.png>
Package pdftex.def Info: t_test/rosenbrock_t_test_matrix.png  used on input lin
e 364.
(pdftex.def)             Requested size: 304.11255pt x 228.95164pt.
 [13 <./t_test/rosenbrock_t_test_matrix.png>]
Package atveryend Info: Empty hook `BeforeClearDocument' on input line 385.
Package atveryend Info: Empty hook `AfterLastShipout' on input line 385.
 (GA_texample.aux)
Package atveryend Info: Executing hook `AtVeryEndDocument' on input line 385.
Package atveryend Info: Executing hook `AtEndAfterFileList' on input line 385.
Package rerunfilecheck Info: File `GA_texample.out' has not changed.
(rerunfilecheck)             Checksum: 7E46B0B38AAED070CCD4F00EEE741E03;1326.
Package atveryend Info: Empty hook `AtVeryVeryEnd' on input line 385.
 ) 
Here is how much of TeX's memory you used:
 25470 strings out of 492452
 646049 string characters out of 3120063
 863138 words of memory out of 3000000
 29354 multiletter control sequences out of 15000+200000
 8678 words of font info for 31 fonts, out of 3000000 for 9000
 1141 hyphenation exceptions out of 8191
 63i,9n,98p,731b,609s stack positions out of 5000i,500n,10000p,200000b,50000s
<C:/Users/lunca/AppData/Local/Programs/MiKTeX 2.9/fonts/type1/public/amsfonts
/cm/cmbx10.pfb><C:/Users/lunca/AppData/Local/Programs/MiKTeX 2.9/fonts/type1/pu
blic/amsfonts/cm/cmbx12.pfb><C:/Users/lunca/AppData/Local/Programs/MiKTeX 2.9/f
onts/type1/public/amsfonts/cm/cmex10.pfb><C:/Users/lunca/AppData/Local/Programs
/MiKTeX 2.9/fonts/type1/public/amsfonts/cm/cmmi10.pfb><C:/Users/lunca/AppData/L
ocal/Programs/MiKTeX 2.9/fonts/type1/public/amsfonts/cm/cmmi7.pfb><C:/Users/lun
ca/AppData/Local/Programs/MiKTeX 2.9/fonts/type1/public/amsfonts/cm/cmr10.pfb><
C:/Users/lunca/AppData/Local/Programs/MiKTeX 2.9/fonts/type1/public/amsfonts/cm
/cmr12.pfb><C:/Users/lunca/AppData/Local/Programs/MiKTeX 2.9/fonts/type1/public
/amsfonts/cm/cmr17.pfb><C:/Users/lunca/AppData/Local/Programs/MiKTeX 2.9/fonts/
type1/public/amsfonts/cm/cmr7.pfb><C:/Users/lunca/AppData/Local/Programs/MiKTeX
 2.9/fonts/type1/public/amsfonts/cm/cmsy10.pfb><C:/Users/lunca/AppData/Local/Pr
ograms/MiKTeX 2.9/fonts/type1/public/amsfonts/cm/cmtt10.pfb>
Output written on GA_texample.pdf (13 pages, 590168 bytes).
PDF statistics:
 1027 PDF objects out of 1200 (max. 8388607)
 82 named destinations out of 1000 (max. 500000)
 331 words of extra memory for PDF output out of 10000 (max. 10000000)

